12-18 11:43:21 com_github_MitjaNemec_PlaceFootprints.action_place_footprints 641:Plugin executed on: 'win32'
12-18 11:43:21 com_github_MitjaNemec_PlaceFootprints.action_place_footprints 642:Plugin executed with python version: '3.9.16 (main, Oct 13 2023, 05:50:11) [MSC v.1936 64 bit (AMD64)]'
12-18 11:43:21 com_github_MitjaNemec_PlaceFootprints.action_place_footprints 643:KiCad build version: 7.0.9
12-18 11:43:21 com_github_MitjaNemec_PlaceFootprints.action_place_footprints 644:Plugin version: 2.1.2
12-18 11:43:21 com_github_MitjaNemec_PlaceFootprints.action_place_footprints 645:Frame repr: <wx._core.Frame object at 0x0000020485FD23A0>
12-18 11:43:21 com_github_MitjaNemec_PlaceFootprints.place_footprints 121:getting a list of all footprints on board
12-18 11:43:21 com_github_MitjaNemec_PlaceFootprints.place_footprints 156:Footprint U285 on root level
12-18 11:43:21 com_github_MitjaNemec_PlaceFootprints.place_footprints 156:Footprint U284 on root level
12-18 11:43:21 com_github_MitjaNemec_PlaceFootprints.place_footprints 156:Footprint U283 on root level
12-18 11:43:21 com_github_MitjaNemec_PlaceFootprints.place_footprints 156:Footprint U282 on root level
12-18 11:43:21 com_github_MitjaNemec_PlaceFootprints.place_footprints 156:Footprint U281 on root level
12-18 11:43:21 com_github_MitjaNemec_PlaceFootprints.place_footprints 156:Footprint U280 on root level
12-18 11:43:21 com_github_MitjaNemec_PlaceFootprints.place_footprints 156:Footprint U279 on root level
12-18 11:43:21 com_github_MitjaNemec_PlaceFootprints.place_footprints 156:Footprint U278 on root level
12-18 11:43:21 com_github_MitjaNemec_PlaceFootprints.place_footprints 156:Footprint U277 on root level
12-18 11:43:21 com_github_MitjaNemec_PlaceFootprints.place_footprints 156:Footprint U276 on root level
12-18 11:43:21 com_github_MitjaNemec_PlaceFootprints.place_footprints 156:Footprint U275 on root level
12-18 11:43:21 com_github_MitjaNemec_PlaceFootprints.place_footprints 156:Footprint U274 on root level
12-18 11:43:21 com_github_MitjaNemec_PlaceFootprints.place_footprints 156:Footprint U273 on root level
12-18 11:43:21 com_github_MitjaNemec_PlaceFootprints.place_footprints 156:Footprint U272 on root level
12-18 11:43:21 com_github_MitjaNemec_PlaceFootprints.place_footprints 156:Footprint U271 on root level
12-18 11:43:21 com_github_MitjaNemec_PlaceFootprints.place_footprints 156:Footprint U270 on root level
12-18 11:43:21 com_github_MitjaNemec_PlaceFootprints.place_footprints 156:Footprint U269 on root level
12-18 11:43:21 com_github_MitjaNemec_PlaceFootprints.place_footprints 156:Footprint U268 on root level
12-18 11:43:21 com_github_MitjaNemec_PlaceFootprints.place_footprints 156:Footprint U267 on root level
12-18 11:43:21 com_github_MitjaNemec_PlaceFootprints.place_footprints 156:Footprint U266 on root level
12-18 11:43:21 com_github_MitjaNemec_PlaceFootprints.place_footprints 156:Footprint U265 on root level
12-18 11:43:21 com_github_MitjaNemec_PlaceFootprints.place_footprints 156:Footprint U264 on root level
12-18 11:43:21 com_github_MitjaNemec_PlaceFootprints.place_footprints 156:Footprint U263 on root level
12-18 11:43:21 com_github_MitjaNemec_PlaceFootprints.place_footprints 156:Footprint U262 on root level
12-18 11:43:21 com_github_MitjaNemec_PlaceFootprints.place_footprints 156:Footprint U261 on root level
12-18 11:43:21 com_github_MitjaNemec_PlaceFootprints.place_footprints 156:Footprint U260 on root level
12-18 11:43:21 com_github_MitjaNemec_PlaceFootprints.place_footprints 156:Footprint U259 on root level
12-18 11:43:21 com_github_MitjaNemec_PlaceFootprints.place_footprints 156:Footprint U258 on root level
12-18 11:43:21 com_github_MitjaNemec_PlaceFootprints.place_footprints 156:Footprint U257 on root level
12-18 11:43:21 com_github_MitjaNemec_PlaceFootprints.place_footprints 156:Footprint U256 on root level
12-18 11:43:21 com_github_MitjaNemec_PlaceFootprints.place_footprints 156:Footprint U255 on root level
12-18 11:43:21 com_github_MitjaNemec_PlaceFootprints.place_footprints 156:Footprint U254 on root level
12-18 11:43:21 com_github_MitjaNemec_PlaceFootprints.place_footprints 156:Footprint U253 on root level
12-18 11:43:21 com_github_MitjaNemec_PlaceFootprints.place_footprints 156:Footprint U252 on root level
12-18 11:43:21 com_github_MitjaNemec_PlaceFootprints.place_footprints 156:Footprint U251 on root level
12-18 11:43:21 com_github_MitjaNemec_PlaceFootprints.place_footprints 156:Footprint U250 on root level
12-18 11:43:21 com_github_MitjaNemec_PlaceFootprints.place_footprints 156:Footprint U249 on root level
12-18 11:43:21 com_github_MitjaNemec_PlaceFootprints.place_footprints 156:Footprint U248 on root level
12-18 11:43:21 com_github_MitjaNemec_PlaceFootprints.place_footprints 156:Footprint U247 on root level
12-18 11:43:21 com_github_MitjaNemec_PlaceFootprints.place_footprints 156:Footprint U246 on root level
12-18 11:43:21 com_github_MitjaNemec_PlaceFootprints.place_footprints 156:Footprint U245 on root level
12-18 11:43:21 com_github_MitjaNemec_PlaceFootprints.place_footprints 156:Footprint U244 on root level
12-18 11:43:21 com_github_MitjaNemec_PlaceFootprints.place_footprints 156:Footprint U243 on root level
12-18 11:43:21 com_github_MitjaNemec_PlaceFootprints.place_footprints 156:Footprint U242 on root level
12-18 11:43:21 com_github_MitjaNemec_PlaceFootprints.place_footprints 156:Footprint U241 on root level
12-18 11:43:21 com_github_MitjaNemec_PlaceFootprints.place_footprints 156:Footprint U240 on root level
12-18 11:43:21 com_github_MitjaNemec_PlaceFootprints.place_footprints 156:Footprint U239 on root level
12-18 11:43:21 com_github_MitjaNemec_PlaceFootprints.place_footprints 156:Footprint U238 on root level
12-18 11:43:21 com_github_MitjaNemec_PlaceFootprints.place_footprints 156:Footprint U237 on root level
12-18 11:43:21 com_github_MitjaNemec_PlaceFootprints.place_footprints 156:Footprint U236 on root level
12-18 11:43:21 com_github_MitjaNemec_PlaceFootprints.place_footprints 156:Footprint U235 on root level
12-18 11:43:21 com_github_MitjaNemec_PlaceFootprints.place_footprints 156:Footprint U234 on root level
12-18 11:43:21 com_github_MitjaNemec_PlaceFootprints.place_footprints 156:Footprint U233 on root level
12-18 11:43:21 com_github_MitjaNemec_PlaceFootprints.place_footprints 156:Footprint U232 on root level
12-18 11:43:21 com_github_MitjaNemec_PlaceFootprints.place_footprints 156:Footprint U231 on root level
12-18 11:43:21 com_github_MitjaNemec_PlaceFootprints.place_footprints 156:Footprint U230 on root level
12-18 11:43:21 com_github_MitjaNemec_PlaceFootprints.place_footprints 156:Footprint U229 on root level
12-18 11:43:21 com_github_MitjaNemec_PlaceFootprints.place_footprints 156:Footprint U228 on root level
12-18 11:43:21 com_github_MitjaNemec_PlaceFootprints.place_footprints 156:Footprint U227 on root level
12-18 11:43:21 com_github_MitjaNemec_PlaceFootprints.place_footprints 156:Footprint U226 on root level
12-18 11:43:21 com_github_MitjaNemec_PlaceFootprints.place_footprints 156:Footprint U225 on root level
12-18 11:43:21 com_github_MitjaNemec_PlaceFootprints.place_footprints 156:Footprint U224 on root level
12-18 11:43:21 com_github_MitjaNemec_PlaceFootprints.place_footprints 156:Footprint U223 on root level
12-18 11:43:21 com_github_MitjaNemec_PlaceFootprints.place_footprints 156:Footprint U222 on root level
12-18 11:43:21 com_github_MitjaNemec_PlaceFootprints.place_footprints 156:Footprint U221 on root level
12-18 11:43:21 com_github_MitjaNemec_PlaceFootprints.place_footprints 156:Footprint U220 on root level
12-18 11:43:21 com_github_MitjaNemec_PlaceFootprints.place_footprints 156:Footprint U219 on root level
12-18 11:43:21 com_github_MitjaNemec_PlaceFootprints.place_footprints 156:Footprint U218 on root level
12-18 11:43:21 com_github_MitjaNemec_PlaceFootprints.place_footprints 156:Footprint U217 on root level
12-18 11:43:21 com_github_MitjaNemec_PlaceFootprints.place_footprints 156:Footprint U216 on root level
12-18 11:43:21 com_github_MitjaNemec_PlaceFootprints.place_footprints 156:Footprint U215 on root level
12-18 11:43:21 com_github_MitjaNemec_PlaceFootprints.place_footprints 156:Footprint U214 on root level
12-18 11:43:21 com_github_MitjaNemec_PlaceFootprints.place_footprints 156:Footprint U213 on root level
12-18 11:43:21 com_github_MitjaNemec_PlaceFootprints.place_footprints 156:Footprint U212 on root level
12-18 11:43:21 com_github_MitjaNemec_PlaceFootprints.place_footprints 156:Footprint U211 on root level
12-18 11:43:21 com_github_MitjaNemec_PlaceFootprints.place_footprints 156:Footprint U210 on root level
12-18 11:43:21 com_github_MitjaNemec_PlaceFootprints.place_footprints 156:Footprint U209 on root level
12-18 11:43:21 com_github_MitjaNemec_PlaceFootprints.place_footprints 156:Footprint U208 on root level
12-18 11:43:21 com_github_MitjaNemec_PlaceFootprints.place_footprints 156:Footprint U207 on root level
12-18 11:43:21 com_github_MitjaNemec_PlaceFootprints.place_footprints 156:Footprint U206 on root level
12-18 11:43:21 com_github_MitjaNemec_PlaceFootprints.place_footprints 156:Footprint U205 on root level
12-18 11:43:21 com_github_MitjaNemec_PlaceFootprints.place_footprints 156:Footprint U204 on root level
12-18 11:43:21 com_github_MitjaNemec_PlaceFootprints.place_footprints 156:Footprint U203 on root level
12-18 11:43:21 com_github_MitjaNemec_PlaceFootprints.place_footprints 156:Footprint U202 on root level
12-18 11:43:21 com_github_MitjaNemec_PlaceFootprints.place_footprints 156:Footprint U201 on root level
12-18 11:43:21 com_github_MitjaNemec_PlaceFootprints.place_footprints 156:Footprint U200 on root level
12-18 11:43:21 com_github_MitjaNemec_PlaceFootprints.place_footprints 156:Footprint U199 on root level
12-18 11:43:21 com_github_MitjaNemec_PlaceFootprints.place_footprints 156:Footprint U198 on root level
12-18 11:43:21 com_github_MitjaNemec_PlaceFootprints.place_footprints 156:Footprint U197 on root level
12-18 11:43:21 com_github_MitjaNemec_PlaceFootprints.place_footprints 156:Footprint U196 on root level
12-18 11:43:21 com_github_MitjaNemec_PlaceFootprints.place_footprints 156:Footprint U195 on root level
12-18 11:43:21 com_github_MitjaNemec_PlaceFootprints.place_footprints 156:Footprint U194 on root level
12-18 11:43:21 com_github_MitjaNemec_PlaceFootprints.place_footprints 156:Footprint U193 on root level
12-18 11:43:21 com_github_MitjaNemec_PlaceFootprints.place_footprints 156:Footprint U192 on root level
12-18 11:43:21 com_github_MitjaNemec_PlaceFootprints.place_footprints 156:Footprint U191 on root level
12-18 11:43:21 com_github_MitjaNemec_PlaceFootprints.place_footprints 156:Footprint U190 on root level
12-18 11:43:21 com_github_MitjaNemec_PlaceFootprints.place_footprints 156:Footprint U189 on root level
12-18 11:43:21 com_github_MitjaNemec_PlaceFootprints.place_footprints 156:Footprint U188 on root level
12-18 11:43:21 com_github_MitjaNemec_PlaceFootprints.place_footprints 156:Footprint U187 on root level
12-18 11:43:21 com_github_MitjaNemec_PlaceFootprints.place_footprints 156:Footprint U186 on root level
12-18 11:43:21 com_github_MitjaNemec_PlaceFootprints.place_footprints 156:Footprint U185 on root level
12-18 11:43:21 com_github_MitjaNemec_PlaceFootprints.place_footprints 156:Footprint U184 on root level
12-18 11:43:21 com_github_MitjaNemec_PlaceFootprints.place_footprints 156:Footprint U183 on root level
12-18 11:43:21 com_github_MitjaNemec_PlaceFootprints.place_footprints 156:Footprint U182 on root level
12-18 11:43:21 com_github_MitjaNemec_PlaceFootprints.place_footprints 156:Footprint U181 on root level
12-18 11:43:21 com_github_MitjaNemec_PlaceFootprints.place_footprints 156:Footprint U180 on root level
12-18 11:43:21 com_github_MitjaNemec_PlaceFootprints.place_footprints 156:Footprint U179 on root level
12-18 11:43:21 com_github_MitjaNemec_PlaceFootprints.place_footprints 156:Footprint U178 on root level
12-18 11:43:21 com_github_MitjaNemec_PlaceFootprints.place_footprints 156:Footprint U177 on root level
12-18 11:43:21 com_github_MitjaNemec_PlaceFootprints.place_footprints 156:Footprint U176 on root level
12-18 11:43:21 com_github_MitjaNemec_PlaceFootprints.place_footprints 156:Footprint U175 on root level
12-18 11:43:21 com_github_MitjaNemec_PlaceFootprints.place_footprints 156:Footprint U174 on root level
12-18 11:43:21 com_github_MitjaNemec_PlaceFootprints.place_footprints 156:Footprint U173 on root level
12-18 11:43:21 com_github_MitjaNemec_PlaceFootprints.place_footprints 156:Footprint U172 on root level
12-18 11:43:21 com_github_MitjaNemec_PlaceFootprints.place_footprints 156:Footprint U171 on root level
12-18 11:43:21 com_github_MitjaNemec_PlaceFootprints.place_footprints 156:Footprint U170 on root level
12-18 11:43:21 com_github_MitjaNemec_PlaceFootprints.place_footprints 156:Footprint U169 on root level
12-18 11:43:21 com_github_MitjaNemec_PlaceFootprints.place_footprints 156:Footprint U168 on root level
12-18 11:43:21 com_github_MitjaNemec_PlaceFootprints.place_footprints 156:Footprint U167 on root level
12-18 11:43:21 com_github_MitjaNemec_PlaceFootprints.place_footprints 156:Footprint U166 on root level
12-18 11:43:21 com_github_MitjaNemec_PlaceFootprints.place_footprints 156:Footprint U165 on root level
12-18 11:43:21 com_github_MitjaNemec_PlaceFootprints.place_footprints 156:Footprint U164 on root level
12-18 11:43:21 com_github_MitjaNemec_PlaceFootprints.place_footprints 156:Footprint U163 on root level
12-18 11:43:21 com_github_MitjaNemec_PlaceFootprints.place_footprints 156:Footprint U162 on root level
12-18 11:43:21 com_github_MitjaNemec_PlaceFootprints.place_footprints 156:Footprint U161 on root level
12-18 11:43:21 com_github_MitjaNemec_PlaceFootprints.place_footprints 156:Footprint U160 on root level
12-18 11:43:21 com_github_MitjaNemec_PlaceFootprints.place_footprints 156:Footprint U159 on root level
12-18 11:43:21 com_github_MitjaNemec_PlaceFootprints.place_footprints 156:Footprint U158 on root level
12-18 11:43:21 com_github_MitjaNemec_PlaceFootprints.place_footprints 156:Footprint U157 on root level
12-18 11:43:21 com_github_MitjaNemec_PlaceFootprints.place_footprints 156:Footprint U156 on root level
12-18 11:43:21 com_github_MitjaNemec_PlaceFootprints.place_footprints 156:Footprint U155 on root level
12-18 11:43:21 com_github_MitjaNemec_PlaceFootprints.place_footprints 156:Footprint U154 on root level
12-18 11:43:21 com_github_MitjaNemec_PlaceFootprints.place_footprints 156:Footprint U153 on root level
12-18 11:43:21 com_github_MitjaNemec_PlaceFootprints.place_footprints 156:Footprint U152 on root level
12-18 11:43:21 com_github_MitjaNemec_PlaceFootprints.place_footprints 156:Footprint U151 on root level
12-18 11:43:21 com_github_MitjaNemec_PlaceFootprints.place_footprints 156:Footprint U150 on root level
12-18 11:43:21 com_github_MitjaNemec_PlaceFootprints.place_footprints 156:Footprint U149 on root level
12-18 11:43:21 com_github_MitjaNemec_PlaceFootprints.place_footprints 156:Footprint U148 on root level
12-18 11:43:21 com_github_MitjaNemec_PlaceFootprints.place_footprints 156:Footprint U147 on root level
12-18 11:43:21 com_github_MitjaNemec_PlaceFootprints.place_footprints 156:Footprint U146 on root level
12-18 11:43:21 com_github_MitjaNemec_PlaceFootprints.place_footprints 156:Footprint U145 on root level
12-18 11:43:21 com_github_MitjaNemec_PlaceFootprints.place_footprints 156:Footprint U144 on root level
12-18 11:43:21 com_github_MitjaNemec_PlaceFootprints.place_footprints 156:Footprint U143 on root level
12-18 11:43:21 com_github_MitjaNemec_PlaceFootprints.place_footprints 156:Footprint U142 on root level
12-18 11:43:21 com_github_MitjaNemec_PlaceFootprints.place_footprints 156:Footprint U141 on root level
12-18 11:43:21 com_github_MitjaNemec_PlaceFootprints.place_footprints 156:Footprint U140 on root level
12-18 11:43:21 com_github_MitjaNemec_PlaceFootprints.place_footprints 156:Footprint U139 on root level
12-18 11:43:21 com_github_MitjaNemec_PlaceFootprints.place_footprints 156:Footprint U138 on root level
12-18 11:43:21 com_github_MitjaNemec_PlaceFootprints.place_footprints 156:Footprint U137 on root level
12-18 11:43:21 com_github_MitjaNemec_PlaceFootprints.place_footprints 156:Footprint U136 on root level
12-18 11:43:21 com_github_MitjaNemec_PlaceFootprints.place_footprints 156:Footprint U135 on root level
12-18 11:43:21 com_github_MitjaNemec_PlaceFootprints.place_footprints 156:Footprint U134 on root level
12-18 11:43:21 com_github_MitjaNemec_PlaceFootprints.place_footprints 156:Footprint U133 on root level
12-18 11:43:21 com_github_MitjaNemec_PlaceFootprints.place_footprints 156:Footprint U132 on root level
12-18 11:43:21 com_github_MitjaNemec_PlaceFootprints.place_footprints 156:Footprint U131 on root level
12-18 11:43:21 com_github_MitjaNemec_PlaceFootprints.place_footprints 156:Footprint U130 on root level
12-18 11:43:21 com_github_MitjaNemec_PlaceFootprints.place_footprints 156:Footprint U129 on root level
12-18 11:43:21 com_github_MitjaNemec_PlaceFootprints.place_footprints 156:Footprint U128 on root level
12-18 11:43:21 com_github_MitjaNemec_PlaceFootprints.place_footprints 156:Footprint U127 on root level
12-18 11:43:21 com_github_MitjaNemec_PlaceFootprints.place_footprints 156:Footprint U126 on root level
12-18 11:43:21 com_github_MitjaNemec_PlaceFootprints.place_footprints 156:Footprint U125 on root level
12-18 11:43:21 com_github_MitjaNemec_PlaceFootprints.place_footprints 156:Footprint U124 on root level
12-18 11:43:21 com_github_MitjaNemec_PlaceFootprints.place_footprints 156:Footprint U123 on root level
12-18 11:43:21 com_github_MitjaNemec_PlaceFootprints.place_footprints 156:Footprint U122 on root level
12-18 11:43:21 com_github_MitjaNemec_PlaceFootprints.place_footprints 156:Footprint U121 on root level
12-18 11:43:21 com_github_MitjaNemec_PlaceFootprints.place_footprints 156:Footprint U120 on root level
12-18 11:43:21 com_github_MitjaNemec_PlaceFootprints.place_footprints 156:Footprint U119 on root level
12-18 11:43:21 com_github_MitjaNemec_PlaceFootprints.place_footprints 156:Footprint U118 on root level
12-18 11:43:21 com_github_MitjaNemec_PlaceFootprints.place_footprints 156:Footprint U117 on root level
12-18 11:43:21 com_github_MitjaNemec_PlaceFootprints.place_footprints 156:Footprint U116 on root level
12-18 11:43:21 com_github_MitjaNemec_PlaceFootprints.place_footprints 156:Footprint U115 on root level
12-18 11:43:21 com_github_MitjaNemec_PlaceFootprints.place_footprints 156:Footprint U114 on root level
12-18 11:43:21 com_github_MitjaNemec_PlaceFootprints.place_footprints 156:Footprint U113 on root level
12-18 11:43:21 com_github_MitjaNemec_PlaceFootprints.place_footprints 156:Footprint U112 on root level
12-18 11:43:21 com_github_MitjaNemec_PlaceFootprints.place_footprints 156:Footprint U111 on root level
12-18 11:43:21 com_github_MitjaNemec_PlaceFootprints.place_footprints 156:Footprint U110 on root level
12-18 11:43:21 com_github_MitjaNemec_PlaceFootprints.place_footprints 156:Footprint U109 on root level
12-18 11:43:21 com_github_MitjaNemec_PlaceFootprints.place_footprints 156:Footprint U108 on root level
12-18 11:43:21 com_github_MitjaNemec_PlaceFootprints.place_footprints 156:Footprint U107 on root level
12-18 11:43:21 com_github_MitjaNemec_PlaceFootprints.place_footprints 156:Footprint U106 on root level
12-18 11:43:21 com_github_MitjaNemec_PlaceFootprints.place_footprints 156:Footprint U105 on root level
12-18 11:43:21 com_github_MitjaNemec_PlaceFootprints.place_footprints 156:Footprint U104 on root level
12-18 11:43:21 com_github_MitjaNemec_PlaceFootprints.place_footprints 156:Footprint U103 on root level
12-18 11:43:21 com_github_MitjaNemec_PlaceFootprints.place_footprints 156:Footprint U102 on root level
12-18 11:43:21 com_github_MitjaNemec_PlaceFootprints.place_footprints 156:Footprint U101 on root level
12-18 11:43:21 com_github_MitjaNemec_PlaceFootprints.place_footprints 156:Footprint U100 on root level
12-18 11:43:21 com_github_MitjaNemec_PlaceFootprints.place_footprints 156:Footprint U99 on root level
12-18 11:43:21 com_github_MitjaNemec_PlaceFootprints.place_footprints 156:Footprint U98 on root level
12-18 11:43:21 com_github_MitjaNemec_PlaceFootprints.place_footprints 156:Footprint U97 on root level
12-18 11:43:21 com_github_MitjaNemec_PlaceFootprints.place_footprints 156:Footprint U96 on root level
12-18 11:43:21 com_github_MitjaNemec_PlaceFootprints.place_footprints 156:Footprint U95 on root level
12-18 11:43:21 com_github_MitjaNemec_PlaceFootprints.place_footprints 156:Footprint U94 on root level
12-18 11:43:21 com_github_MitjaNemec_PlaceFootprints.place_footprints 156:Footprint U93 on root level
12-18 11:43:21 com_github_MitjaNemec_PlaceFootprints.place_footprints 156:Footprint U92 on root level
12-18 11:43:21 com_github_MitjaNemec_PlaceFootprints.place_footprints 156:Footprint U91 on root level
12-18 11:43:21 com_github_MitjaNemec_PlaceFootprints.place_footprints 156:Footprint U90 on root level
12-18 11:43:21 com_github_MitjaNemec_PlaceFootprints.place_footprints 156:Footprint U89 on root level
12-18 11:43:21 com_github_MitjaNemec_PlaceFootprints.place_footprints 156:Footprint U88 on root level
12-18 11:43:21 com_github_MitjaNemec_PlaceFootprints.place_footprints 156:Footprint U87 on root level
12-18 11:43:21 com_github_MitjaNemec_PlaceFootprints.place_footprints 156:Footprint U86 on root level
12-18 11:43:21 com_github_MitjaNemec_PlaceFootprints.place_footprints 156:Footprint U85 on root level
12-18 11:43:21 com_github_MitjaNemec_PlaceFootprints.place_footprints 156:Footprint U84 on root level
12-18 11:43:21 com_github_MitjaNemec_PlaceFootprints.place_footprints 156:Footprint U83 on root level
12-18 11:43:21 com_github_MitjaNemec_PlaceFootprints.place_footprints 156:Footprint U82 on root level
12-18 11:43:21 com_github_MitjaNemec_PlaceFootprints.place_footprints 156:Footprint U81 on root level
12-18 11:43:21 com_github_MitjaNemec_PlaceFootprints.place_footprints 156:Footprint U80 on root level
12-18 11:43:21 com_github_MitjaNemec_PlaceFootprints.place_footprints 156:Footprint U79 on root level
12-18 11:43:21 com_github_MitjaNemec_PlaceFootprints.place_footprints 156:Footprint U78 on root level
12-18 11:43:21 com_github_MitjaNemec_PlaceFootprints.place_footprints 156:Footprint U77 on root level
12-18 11:43:21 com_github_MitjaNemec_PlaceFootprints.place_footprints 156:Footprint U76 on root level
12-18 11:43:21 com_github_MitjaNemec_PlaceFootprints.place_footprints 156:Footprint U75 on root level
12-18 11:43:21 com_github_MitjaNemec_PlaceFootprints.place_footprints 156:Footprint U74 on root level
12-18 11:43:21 com_github_MitjaNemec_PlaceFootprints.place_footprints 156:Footprint U73 on root level
12-18 11:43:21 com_github_MitjaNemec_PlaceFootprints.place_footprints 156:Footprint U72 on root level
12-18 11:43:21 com_github_MitjaNemec_PlaceFootprints.place_footprints 156:Footprint U71 on root level
12-18 11:43:21 com_github_MitjaNemec_PlaceFootprints.place_footprints 156:Footprint U70 on root level
12-18 11:43:21 com_github_MitjaNemec_PlaceFootprints.place_footprints 156:Footprint U69 on root level
12-18 11:43:21 com_github_MitjaNemec_PlaceFootprints.place_footprints 156:Footprint U68 on root level
12-18 11:43:21 com_github_MitjaNemec_PlaceFootprints.place_footprints 156:Footprint U67 on root level
12-18 11:43:21 com_github_MitjaNemec_PlaceFootprints.place_footprints 156:Footprint U66 on root level
12-18 11:43:21 com_github_MitjaNemec_PlaceFootprints.place_footprints 156:Footprint U65 on root level
12-18 11:43:21 com_github_MitjaNemec_PlaceFootprints.place_footprints 156:Footprint U64 on root level
12-18 11:43:21 com_github_MitjaNemec_PlaceFootprints.place_footprints 156:Footprint U63 on root level
12-18 11:43:21 com_github_MitjaNemec_PlaceFootprints.place_footprints 156:Footprint U62 on root level
12-18 11:43:21 com_github_MitjaNemec_PlaceFootprints.place_footprints 156:Footprint U61 on root level
12-18 11:43:21 com_github_MitjaNemec_PlaceFootprints.place_footprints 156:Footprint U60 on root level
12-18 11:43:21 com_github_MitjaNemec_PlaceFootprints.place_footprints 156:Footprint U59 on root level
12-18 11:43:21 com_github_MitjaNemec_PlaceFootprints.place_footprints 156:Footprint U58 on root level
12-18 11:43:21 com_github_MitjaNemec_PlaceFootprints.place_footprints 156:Footprint U57 on root level
12-18 11:43:21 com_github_MitjaNemec_PlaceFootprints.place_footprints 156:Footprint U56 on root level
12-18 11:43:21 com_github_MitjaNemec_PlaceFootprints.place_footprints 156:Footprint U55 on root level
12-18 11:43:21 com_github_MitjaNemec_PlaceFootprints.place_footprints 156:Footprint U54 on root level
12-18 11:43:21 com_github_MitjaNemec_PlaceFootprints.place_footprints 156:Footprint U53 on root level
12-18 11:43:21 com_github_MitjaNemec_PlaceFootprints.place_footprints 156:Footprint U52 on root level
12-18 11:43:21 com_github_MitjaNemec_PlaceFootprints.place_footprints 156:Footprint U51 on root level
12-18 11:43:21 com_github_MitjaNemec_PlaceFootprints.place_footprints 156:Footprint U50 on root level
12-18 11:43:21 com_github_MitjaNemec_PlaceFootprints.place_footprints 156:Footprint U49 on root level
12-18 11:43:21 com_github_MitjaNemec_PlaceFootprints.place_footprints 156:Footprint U48 on root level
12-18 11:43:21 com_github_MitjaNemec_PlaceFootprints.place_footprints 156:Footprint U47 on root level
12-18 11:43:21 com_github_MitjaNemec_PlaceFootprints.place_footprints 156:Footprint U46 on root level
12-18 11:43:21 com_github_MitjaNemec_PlaceFootprints.place_footprints 156:Footprint U45 on root level
12-18 11:43:21 com_github_MitjaNemec_PlaceFootprints.place_footprints 156:Footprint U44 on root level
12-18 11:43:21 com_github_MitjaNemec_PlaceFootprints.place_footprints 156:Footprint U43 on root level
12-18 11:43:21 com_github_MitjaNemec_PlaceFootprints.place_footprints 156:Footprint U42 on root level
12-18 11:43:21 com_github_MitjaNemec_PlaceFootprints.place_footprints 156:Footprint U41 on root level
12-18 11:43:21 com_github_MitjaNemec_PlaceFootprints.place_footprints 156:Footprint U40 on root level
12-18 11:43:21 com_github_MitjaNemec_PlaceFootprints.place_footprints 156:Footprint U39 on root level
12-18 11:43:21 com_github_MitjaNemec_PlaceFootprints.place_footprints 156:Footprint U38 on root level
12-18 11:43:21 com_github_MitjaNemec_PlaceFootprints.place_footprints 156:Footprint U37 on root level
12-18 11:43:21 com_github_MitjaNemec_PlaceFootprints.place_footprints 156:Footprint U36 on root level
12-18 11:43:21 com_github_MitjaNemec_PlaceFootprints.place_footprints 156:Footprint U35 on root level
12-18 11:43:21 com_github_MitjaNemec_PlaceFootprints.place_footprints 156:Footprint U34 on root level
12-18 11:43:21 com_github_MitjaNemec_PlaceFootprints.place_footprints 156:Footprint U33 on root level
12-18 11:43:21 com_github_MitjaNemec_PlaceFootprints.place_footprints 156:Footprint U32 on root level
12-18 11:43:21 com_github_MitjaNemec_PlaceFootprints.place_footprints 156:Footprint U31 on root level
12-18 11:43:21 com_github_MitjaNemec_PlaceFootprints.place_footprints 156:Footprint U30 on root level
12-18 11:43:21 com_github_MitjaNemec_PlaceFootprints.place_footprints 156:Footprint U29 on root level
12-18 11:43:21 com_github_MitjaNemec_PlaceFootprints.place_footprints 156:Footprint U28 on root level
12-18 11:43:21 com_github_MitjaNemec_PlaceFootprints.place_footprints 156:Footprint U27 on root level
12-18 11:43:21 com_github_MitjaNemec_PlaceFootprints.place_footprints 156:Footprint U26 on root level
12-18 11:43:21 com_github_MitjaNemec_PlaceFootprints.place_footprints 156:Footprint U25 on root level
12-18 11:43:21 com_github_MitjaNemec_PlaceFootprints.place_footprints 156:Footprint U24 on root level
12-18 11:43:21 com_github_MitjaNemec_PlaceFootprints.place_footprints 156:Footprint U23 on root level
12-18 11:43:21 com_github_MitjaNemec_PlaceFootprints.place_footprints 156:Footprint U22 on root level
12-18 11:43:21 com_github_MitjaNemec_PlaceFootprints.place_footprints 156:Footprint U21 on root level
12-18 11:43:21 com_github_MitjaNemec_PlaceFootprints.place_footprints 156:Footprint U20 on root level
12-18 11:43:21 com_github_MitjaNemec_PlaceFootprints.place_footprints 156:Footprint U19 on root level
12-18 11:43:21 com_github_MitjaNemec_PlaceFootprints.place_footprints 156:Footprint U18 on root level
12-18 11:43:21 com_github_MitjaNemec_PlaceFootprints.place_footprints 156:Footprint U17 on root level
12-18 11:43:21 com_github_MitjaNemec_PlaceFootprints.place_footprints 156:Footprint U16 on root level
12-18 11:43:21 com_github_MitjaNemec_PlaceFootprints.place_footprints 156:Footprint U15 on root level
12-18 11:43:21 com_github_MitjaNemec_PlaceFootprints.place_footprints 156:Footprint U14 on root level
12-18 11:43:21 com_github_MitjaNemec_PlaceFootprints.place_footprints 156:Footprint U13 on root level
12-18 11:43:21 com_github_MitjaNemec_PlaceFootprints.place_footprints 156:Footprint U12 on root level
12-18 11:43:21 com_github_MitjaNemec_PlaceFootprints.place_footprints 156:Footprint U11 on root level
12-18 11:43:21 com_github_MitjaNemec_PlaceFootprints.place_footprints 156:Footprint U10 on root level
12-18 11:43:21 com_github_MitjaNemec_PlaceFootprints.place_footprints 156:Footprint U9 on root level
12-18 11:43:21 com_github_MitjaNemec_PlaceFootprints.place_footprints 156:Footprint U8 on root level
12-18 11:43:21 com_github_MitjaNemec_PlaceFootprints.place_footprints 156:Footprint U7 on root level
12-18 11:43:21 com_github_MitjaNemec_PlaceFootprints.place_footprints 156:Footprint U6 on root level
12-18 11:43:21 com_github_MitjaNemec_PlaceFootprints.place_footprints 156:Footprint U5 on root level
12-18 11:43:21 com_github_MitjaNemec_PlaceFootprints.place_footprints 156:Footprint U4 on root level
12-18 11:43:21 com_github_MitjaNemec_PlaceFootprints.place_footprints 156:Footprint U3 on root level
12-18 11:43:21 com_github_MitjaNemec_PlaceFootprints.place_footprints 156:Footprint U2 on root level
12-18 11:43:21 com_github_MitjaNemec_PlaceFootprints.place_footprints 156:Footprint U1 on root level
12-18 11:43:21 com_github_MitjaNemec_PlaceFootprints.place_footprints 156:Footprint C33 on root level
12-18 11:43:21 com_github_MitjaNemec_PlaceFootprints.place_footprints 156:Footprint C166 on root level
12-18 11:43:21 com_github_MitjaNemec_PlaceFootprints.place_footprints 156:Footprint C115 on root level
12-18 11:43:21 com_github_MitjaNemec_PlaceFootprints.place_footprints 156:Footprint C210 on root level
12-18 11:43:21 com_github_MitjaNemec_PlaceFootprints.place_footprints 156:Footprint IC1 on root level
12-18 11:43:21 com_github_MitjaNemec_PlaceFootprints.place_footprints 156:Footprint C214 on root level
12-18 11:43:21 com_github_MitjaNemec_PlaceFootprints.place_footprints 156:Footprint C207 on root level
12-18 11:43:21 com_github_MitjaNemec_PlaceFootprints.place_footprints 156:Footprint IC225 on root level
12-18 11:43:21 com_github_MitjaNemec_PlaceFootprints.place_footprints 156:Footprint C96 on root level
12-18 11:43:21 com_github_MitjaNemec_PlaceFootprints.place_footprints 156:Footprint IC105 on root level
12-18 11:43:21 com_github_MitjaNemec_PlaceFootprints.place_footprints 156:Footprint IC170 on root level
12-18 11:43:21 com_github_MitjaNemec_PlaceFootprints.place_footprints 156:Footprint C187 on root level
12-18 11:43:21 com_github_MitjaNemec_PlaceFootprints.place_footprints 156:Footprint IC66 on root level
12-18 11:43:21 com_github_MitjaNemec_PlaceFootprints.place_footprints 156:Footprint C195 on root level
12-18 11:43:21 com_github_MitjaNemec_PlaceFootprints.place_footprints 156:Footprint IC167 on root level
12-18 11:43:21 com_github_MitjaNemec_PlaceFootprints.place_footprints 156:Footprint C43 on root level
12-18 11:43:21 com_github_MitjaNemec_PlaceFootprints.place_footprints 156:Footprint C130 on root level
12-18 11:43:21 com_github_MitjaNemec_PlaceFootprints.place_footprints 156:Footprint C159 on root level
12-18 11:43:21 com_github_MitjaNemec_PlaceFootprints.place_footprints 156:Footprint IC226 on root level
12-18 11:43:21 com_github_MitjaNemec_PlaceFootprints.place_footprints 156:Footprint IC132 on root level
12-18 11:43:21 com_github_MitjaNemec_PlaceFootprints.place_footprints 156:Footprint IC56 on root level
12-18 11:43:21 com_github_MitjaNemec_PlaceFootprints.place_footprints 156:Footprint C53 on root level
12-18 11:43:21 com_github_MitjaNemec_PlaceFootprints.place_footprints 156:Footprint IC275 on root level
12-18 11:43:21 com_github_MitjaNemec_PlaceFootprints.place_footprints 156:Footprint C223 on root level
12-18 11:43:21 com_github_MitjaNemec_PlaceFootprints.place_footprints 156:Footprint C38 on root level
12-18 11:43:21 com_github_MitjaNemec_PlaceFootprints.place_footprints 156:Footprint IC121 on root level
12-18 11:43:21 com_github_MitjaNemec_PlaceFootprints.place_footprints 156:Footprint C55 on root level
12-18 11:43:21 com_github_MitjaNemec_PlaceFootprints.place_footprints 156:Footprint C144 on root level
12-18 11:43:21 com_github_MitjaNemec_PlaceFootprints.place_footprints 156:Footprint C133 on root level
12-18 11:43:21 com_github_MitjaNemec_PlaceFootprints.place_footprints 156:Footprint IC29 on root level
12-18 11:43:21 com_github_MitjaNemec_PlaceFootprints.place_footprints 156:Footprint IC189 on root level
12-18 11:43:21 com_github_MitjaNemec_PlaceFootprints.place_footprints 156:Footprint IC253 on root level
12-18 11:43:21 com_github_MitjaNemec_PlaceFootprints.place_footprints 156:Footprint C54 on root level
12-18 11:43:21 com_github_MitjaNemec_PlaceFootprints.place_footprints 156:Footprint IC123 on root level
12-18 11:43:21 com_github_MitjaNemec_PlaceFootprints.place_footprints 156:Footprint C32 on root level
12-18 11:43:21 com_github_MitjaNemec_PlaceFootprints.place_footprints 156:Footprint C113 on root level
12-18 11:43:21 com_github_MitjaNemec_PlaceFootprints.place_footprints 156:Footprint IC206 on root level
12-18 11:43:21 com_github_MitjaNemec_PlaceFootprints.place_footprints 156:Footprint C6 on root level
12-18 11:43:21 com_github_MitjaNemec_PlaceFootprints.place_footprints 156:Footprint IC95 on root level
12-18 11:43:21 com_github_MitjaNemec_PlaceFootprints.place_footprints 156:Footprint C169 on root level
12-18 11:43:21 com_github_MitjaNemec_PlaceFootprints.place_footprints 156:Footprint C225 on root level
12-18 11:43:21 com_github_MitjaNemec_PlaceFootprints.place_footprints 156:Footprint IC37 on root level
12-18 11:43:21 com_github_MitjaNemec_PlaceFootprints.place_footprints 156:Footprint IC205 on root level
12-18 11:43:21 com_github_MitjaNemec_PlaceFootprints.place_footprints 156:Footprint C161 on root level
12-18 11:43:21 com_github_MitjaNemec_PlaceFootprints.place_footprints 156:Footprint C240 on root level
12-18 11:43:21 com_github_MitjaNemec_PlaceFootprints.place_footprints 156:Footprint IC185 on root level
12-18 11:43:21 com_github_MitjaNemec_PlaceFootprints.place_footprints 156:Footprint C5 on root level
12-18 11:43:21 com_github_MitjaNemec_PlaceFootprints.place_footprints 156:Footprint IC243 on root level
12-18 11:43:21 com_github_MitjaNemec_PlaceFootprints.place_footprints 156:Footprint IC166 on root level
12-18 11:43:21 com_github_MitjaNemec_PlaceFootprints.place_footprints 156:Footprint C216 on root level
12-18 11:43:21 com_github_MitjaNemec_PlaceFootprints.place_footprints 156:Footprint C269 on root level
12-18 11:43:21 com_github_MitjaNemec_PlaceFootprints.place_footprints 156:Footprint IC30 on root level
12-18 11:43:21 com_github_MitjaNemec_PlaceFootprints.place_footprints 156:Footprint C24 on root level
12-18 11:43:21 com_github_MitjaNemec_PlaceFootprints.place_footprints 156:Footprint C12 on root level
12-18 11:43:21 com_github_MitjaNemec_PlaceFootprints.place_footprints 156:Footprint C188 on root level
12-18 11:43:21 com_github_MitjaNemec_PlaceFootprints.place_footprints 156:Footprint IC25 on root level
12-18 11:43:21 com_github_MitjaNemec_PlaceFootprints.place_footprints 156:Footprint C78 on root level
12-18 11:43:21 com_github_MitjaNemec_PlaceFootprints.place_footprints 156:Footprint IC198 on root level
12-18 11:43:21 com_github_MitjaNemec_PlaceFootprints.place_footprints 156:Footprint C50 on root level
12-18 11:43:21 com_github_MitjaNemec_PlaceFootprints.place_footprints 156:Footprint IC48 on root level
12-18 11:43:21 com_github_MitjaNemec_PlaceFootprints.place_footprints 156:Footprint C41 on root level
12-18 11:43:21 com_github_MitjaNemec_PlaceFootprints.place_footprints 156:Footprint IC238 on root level
12-18 11:43:21 com_github_MitjaNemec_PlaceFootprints.place_footprints 156:Footprint IC5 on root level
12-18 11:43:21 com_github_MitjaNemec_PlaceFootprints.place_footprints 156:Footprint IC143 on root level
12-18 11:43:21 com_github_MitjaNemec_PlaceFootprints.place_footprints 156:Footprint C260 on root level
12-18 11:43:21 com_github_MitjaNemec_PlaceFootprints.place_footprints 156:Footprint C49 on root level
12-18 11:43:21 com_github_MitjaNemec_PlaceFootprints.place_footprints 156:Footprint C128 on root level
12-18 11:43:21 com_github_MitjaNemec_PlaceFootprints.place_footprints 156:Footprint IC42 on root level
12-18 11:43:21 com_github_MitjaNemec_PlaceFootprints.place_footprints 156:Footprint C44 on root level
12-18 11:43:21 com_github_MitjaNemec_PlaceFootprints.place_footprints 156:Footprint C99 on root level
12-18 11:43:21 com_github_MitjaNemec_PlaceFootprints.place_footprints 156:Footprint IC45 on root level
12-18 11:43:21 com_github_MitjaNemec_PlaceFootprints.place_footprints 156:Footprint IC106 on root level
12-18 11:43:21 com_github_MitjaNemec_PlaceFootprints.place_footprints 156:Footprint IC193 on root level
12-18 11:43:21 com_github_MitjaNemec_PlaceFootprints.place_footprints 156:Footprint IC160 on root level
12-18 11:43:21 com_github_MitjaNemec_PlaceFootprints.place_footprints 156:Footprint C117 on root level
12-18 11:43:21 com_github_MitjaNemec_PlaceFootprints.place_footprints 156:Footprint C56 on root level
12-18 11:43:21 com_github_MitjaNemec_PlaceFootprints.place_footprints 156:Footprint R4 on root level
12-18 11:43:21 com_github_MitjaNemec_PlaceFootprints.place_footprints 156:Footprint C237 on root level
12-18 11:43:21 com_github_MitjaNemec_PlaceFootprints.place_footprints 156:Footprint IC204 on root level
12-18 11:43:21 com_github_MitjaNemec_PlaceFootprints.place_footprints 156:Footprint IC72 on root level
12-18 11:43:21 com_github_MitjaNemec_PlaceFootprints.place_footprints 156:Footprint IC212 on root level
12-18 11:43:21 com_github_MitjaNemec_PlaceFootprints.place_footprints 156:Footprint IC279 on root level
12-18 11:43:21 com_github_MitjaNemec_PlaceFootprints.place_footprints 156:Footprint C165 on root level
12-18 11:43:21 com_github_MitjaNemec_PlaceFootprints.place_footprints 156:Footprint C1 on root level
12-18 11:43:21 com_github_MitjaNemec_PlaceFootprints.place_footprints 156:Footprint C114 on root level
12-18 11:43:21 com_github_MitjaNemec_PlaceFootprints.place_footprints 156:Footprint C63 on root level
12-18 11:43:21 com_github_MitjaNemec_PlaceFootprints.place_footprints 156:Footprint C180 on root level
12-18 11:43:21 com_github_MitjaNemec_PlaceFootprints.place_footprints 156:Footprint IC161 on root level
12-18 11:43:21 com_github_MitjaNemec_PlaceFootprints.place_footprints 156:Footprint C221 on root level
12-18 11:43:21 com_github_MitjaNemec_PlaceFootprints.place_footprints 156:Footprint IC229 on root level
12-18 11:43:21 com_github_MitjaNemec_PlaceFootprints.place_footprints 156:Footprint IC165 on root level
12-18 11:43:21 com_github_MitjaNemec_PlaceFootprints.place_footprints 156:Footprint IC9 on root level
12-18 11:43:21 com_github_MitjaNemec_PlaceFootprints.place_footprints 156:Footprint IC188 on root level
12-18 11:43:21 com_github_MitjaNemec_PlaceFootprints.place_footprints 156:Footprint C217 on root level
12-18 11:43:21 com_github_MitjaNemec_PlaceFootprints.place_footprints 156:Footprint C57 on root level
12-18 11:43:21 com_github_MitjaNemec_PlaceFootprints.place_footprints 156:Footprint C88 on root level
12-18 11:43:21 com_github_MitjaNemec_PlaceFootprints.place_footprints 156:Footprint IC14 on root level
12-18 11:43:21 com_github_MitjaNemec_PlaceFootprints.place_footprints 156:Footprint C280 on root level
12-18 11:43:21 com_github_MitjaNemec_PlaceFootprints.place_footprints 156:Footprint C17 on root level
12-18 11:43:21 com_github_MitjaNemec_PlaceFootprints.place_footprints 156:Footprint IC111 on root level
12-18 11:43:21 com_github_MitjaNemec_PlaceFootprints.place_footprints 156:Footprint C4 on root level
12-18 11:43:21 com_github_MitjaNemec_PlaceFootprints.place_footprints 156:Footprint IC218 on root level
12-18 11:43:21 com_github_MitjaNemec_PlaceFootprints.place_footprints 156:Footprint C192 on root level
12-18 11:43:21 com_github_MitjaNemec_PlaceFootprints.place_footprints 156:Footprint IC171 on root level
12-18 11:43:21 com_github_MitjaNemec_PlaceFootprints.place_footprints 156:Footprint IC85 on root level
12-18 11:43:21 com_github_MitjaNemec_PlaceFootprints.place_footprints 156:Footprint C125 on root level
12-18 11:43:21 com_github_MitjaNemec_PlaceFootprints.place_footprints 156:Footprint C40 on root level
12-18 11:43:21 com_github_MitjaNemec_PlaceFootprints.place_footprints 156:Footprint IC269 on root level
12-18 11:43:21 com_github_MitjaNemec_PlaceFootprints.place_footprints 156:Footprint IC277 on root level
12-18 11:43:21 com_github_MitjaNemec_PlaceFootprints.place_footprints 156:Footprint IC264 on root level
12-18 11:43:21 com_github_MitjaNemec_PlaceFootprints.place_footprints 156:Footprint C176 on root level
12-18 11:43:21 com_github_MitjaNemec_PlaceFootprints.place_footprints 156:Footprint C116 on root level
12-18 11:43:21 com_github_MitjaNemec_PlaceFootprints.place_footprints 156:Footprint C126 on root level
12-18 11:43:21 com_github_MitjaNemec_PlaceFootprints.place_footprints 156:Footprint IC129 on root level
12-18 11:43:21 com_github_MitjaNemec_PlaceFootprints.place_footprints 156:Footprint C111 on root level
12-18 11:43:21 com_github_MitjaNemec_PlaceFootprints.place_footprints 156:Footprint IC93 on root level
12-18 11:43:21 com_github_MitjaNemec_PlaceFootprints.place_footprints 156:Footprint C106 on root level
12-18 11:43:21 com_github_MitjaNemec_PlaceFootprints.place_footprints 156:Footprint IC146 on root level
12-18 11:43:21 com_github_MitjaNemec_PlaceFootprints.place_footprints 156:Footprint IC281 on root level
12-18 11:43:21 com_github_MitjaNemec_PlaceFootprints.place_footprints 156:Footprint IC190 on root level
12-18 11:43:21 com_github_MitjaNemec_PlaceFootprints.place_footprints 156:Footprint C82 on root level
12-18 11:43:21 com_github_MitjaNemec_PlaceFootprints.place_footprints 156:Footprint C84 on root level
12-18 11:43:21 com_github_MitjaNemec_PlaceFootprints.place_footprints 156:Footprint IC112 on root level
12-18 11:43:21 com_github_MitjaNemec_PlaceFootprints.place_footprints 156:Footprint IC35 on root level
12-18 11:43:21 com_github_MitjaNemec_PlaceFootprints.place_footprints 156:Footprint IC71 on root level
12-18 11:43:21 com_github_MitjaNemec_PlaceFootprints.place_footprints 156:Footprint IC195 on root level
12-18 11:43:21 com_github_MitjaNemec_PlaceFootprints.place_footprints 156:Footprint C168 on root level
12-18 11:43:21 com_github_MitjaNemec_PlaceFootprints.place_footprints 156:Footprint IC59 on root level
12-18 11:43:21 com_github_MitjaNemec_PlaceFootprints.place_footprints 156:Footprint C81 on root level
12-18 11:43:21 com_github_MitjaNemec_PlaceFootprints.place_footprints 156:Footprint C263 on root level
12-18 11:43:21 com_github_MitjaNemec_PlaceFootprints.place_footprints 156:Footprint IC33 on root level
12-18 11:43:21 com_github_MitjaNemec_PlaceFootprints.place_footprints 156:Footprint C270 on root level
12-18 11:43:21 com_github_MitjaNemec_PlaceFootprints.place_footprints 156:Footprint IC154 on root level
12-18 11:43:21 com_github_MitjaNemec_PlaceFootprints.place_footprints 156:Footprint IC136 on root level
12-18 11:43:21 com_github_MitjaNemec_PlaceFootprints.place_footprints 156:Footprint C235 on root level
12-18 11:43:21 com_github_MitjaNemec_PlaceFootprints.place_footprints 156:Footprint C148 on root level
12-18 11:43:21 com_github_MitjaNemec_PlaceFootprints.place_footprints 156:Footprint C124 on root level
12-18 11:43:21 com_github_MitjaNemec_PlaceFootprints.place_footprints 156:Footprint C222 on root level
12-18 11:43:21 com_github_MitjaNemec_PlaceFootprints.place_footprints 156:Footprint C89 on root level
12-18 11:43:21 com_github_MitjaNemec_PlaceFootprints.place_footprints 156:Footprint C179 on root level
12-18 11:43:21 com_github_MitjaNemec_PlaceFootprints.place_footprints 156:Footprint C215 on root level
12-18 11:43:21 com_github_MitjaNemec_PlaceFootprints.place_footprints 156:Footprint IC3 on root level
12-18 11:43:21 com_github_MitjaNemec_PlaceFootprints.place_footprints 156:Footprint C256 on root level
12-18 11:43:21 com_github_MitjaNemec_PlaceFootprints.place_footprints 156:Footprint C183 on root level
12-18 11:43:21 com_github_MitjaNemec_PlaceFootprints.place_footprints 156:Footprint C110 on root level
12-18 11:43:21 com_github_MitjaNemec_PlaceFootprints.place_footprints 156:Footprint C227 on root level
12-18 11:43:21 com_github_MitjaNemec_PlaceFootprints.place_footprints 156:Footprint IC192 on root level
12-18 11:43:21 com_github_MitjaNemec_PlaceFootprints.place_footprints 156:Footprint C232 on root level
12-18 11:43:21 com_github_MitjaNemec_PlaceFootprints.place_footprints 156:Footprint C15 on root level
12-18 11:43:21 com_github_MitjaNemec_PlaceFootprints.place_footprints 156:Footprint C59 on root level
12-18 11:43:21 com_github_MitjaNemec_PlaceFootprints.place_footprints 156:Footprint IC180 on root level
12-18 11:43:21 com_github_MitjaNemec_PlaceFootprints.place_footprints 156:Footprint C220 on root level
12-18 11:43:21 com_github_MitjaNemec_PlaceFootprints.place_footprints 156:Footprint C14 on root level
12-18 11:43:21 com_github_MitjaNemec_PlaceFootprints.place_footprints 156:Footprint IC262 on root level
12-18 11:43:21 com_github_MitjaNemec_PlaceFootprints.place_footprints 156:Footprint C275 on root level
12-18 11:43:21 com_github_MitjaNemec_PlaceFootprints.place_footprints 156:Footprint IC202 on root level
12-18 11:43:21 com_github_MitjaNemec_PlaceFootprints.place_footprints 156:Footprint C242 on root level
12-18 11:43:21 com_github_MitjaNemec_PlaceFootprints.place_footprints 156:Footprint C139 on root level
12-18 11:43:21 com_github_MitjaNemec_PlaceFootprints.place_footprints 156:Footprint C258 on root level
12-18 11:43:21 com_github_MitjaNemec_PlaceFootprints.place_footprints 156:Footprint C219 on root level
12-18 11:43:21 com_github_MitjaNemec_PlaceFootprints.place_footprints 156:Footprint C98 on root level
12-18 11:43:21 com_github_MitjaNemec_PlaceFootprints.place_footprints 156:Footprint IC133 on root level
12-18 11:43:21 com_github_MitjaNemec_PlaceFootprints.place_footprints 156:Footprint C271 on root level
12-18 11:43:21 com_github_MitjaNemec_PlaceFootprints.place_footprints 156:Footprint C267 on root level
12-18 11:43:21 com_github_MitjaNemec_PlaceFootprints.place_footprints 156:Footprint C95 on root level
12-18 11:43:21 com_github_MitjaNemec_PlaceFootprints.place_footprints 156:Footprint C146 on root level
12-18 11:43:21 com_github_MitjaNemec_PlaceFootprints.place_footprints 156:Footprint IC175 on root level
12-18 11:43:21 com_github_MitjaNemec_PlaceFootprints.place_footprints 156:Footprint C74 on root level
12-18 11:43:21 com_github_MitjaNemec_PlaceFootprints.place_footprints 156:Footprint IC259 on root level
12-18 11:43:21 com_github_MitjaNemec_PlaceFootprints.place_footprints 156:Footprint IC87 on root level
12-18 11:43:21 com_github_MitjaNemec_PlaceFootprints.place_footprints 156:Footprint IC62 on root level
12-18 11:43:21 com_github_MitjaNemec_PlaceFootprints.place_footprints 156:Footprint C129 on root level
12-18 11:43:21 com_github_MitjaNemec_PlaceFootprints.place_footprints 156:Footprint IC51 on root level
12-18 11:43:21 com_github_MitjaNemec_PlaceFootprints.place_footprints 156:Footprint IC124 on root level
12-18 11:43:21 com_github_MitjaNemec_PlaceFootprints.place_footprints 156:Footprint IC250 on root level
12-18 11:43:21 com_github_MitjaNemec_PlaceFootprints.place_footprints 156:Footprint C107 on root level
12-18 11:43:21 com_github_MitjaNemec_PlaceFootprints.place_footprints 156:Footprint IC158 on root level
12-18 11:43:21 com_github_MitjaNemec_PlaceFootprints.place_footprints 156:Footprint IC50 on root level
12-18 11:43:21 com_github_MitjaNemec_PlaceFootprints.place_footprints 156:Footprint C264 on root level
12-18 11:43:21 com_github_MitjaNemec_PlaceFootprints.place_footprints 156:Footprint IC64 on root level
12-18 11:43:21 com_github_MitjaNemec_PlaceFootprints.place_footprints 156:Footprint IC191 on root level
12-18 11:43:21 com_github_MitjaNemec_PlaceFootprints.place_footprints 156:Footprint C157 on root level
12-18 11:43:21 com_github_MitjaNemec_PlaceFootprints.place_footprints 156:Footprint IC88 on root level
12-18 11:43:21 com_github_MitjaNemec_PlaceFootprints.place_footprints 156:Footprint C147 on root level
12-18 11:43:21 com_github_MitjaNemec_PlaceFootprints.place_footprints 156:Footprint C135 on root level
12-18 11:43:21 com_github_MitjaNemec_PlaceFootprints.place_footprints 156:Footprint C23 on root level
12-18 11:43:21 com_github_MitjaNemec_PlaceFootprints.place_footprints 156:Footprint C200 on root level
12-18 11:43:21 com_github_MitjaNemec_PlaceFootprints.place_footprints 156:Footprint IC174 on root level
12-18 11:43:21 com_github_MitjaNemec_PlaceFootprints.place_footprints 156:Footprint IC122 on root level
12-18 11:43:21 com_github_MitjaNemec_PlaceFootprints.place_footprints 156:Footprint C118 on root level
12-18 11:43:21 com_github_MitjaNemec_PlaceFootprints.place_footprints 156:Footprint IC141 on root level
12-18 11:43:21 com_github_MitjaNemec_PlaceFootprints.place_footprints 156:Footprint IC103 on root level
12-18 11:43:21 com_github_MitjaNemec_PlaceFootprints.place_footprints 156:Footprint C201 on root level
12-18 11:43:21 com_github_MitjaNemec_PlaceFootprints.place_footprints 156:Footprint C91 on root level
12-18 11:43:21 com_github_MitjaNemec_PlaceFootprints.place_footprints 156:Footprint C90 on root level
12-18 11:43:21 com_github_MitjaNemec_PlaceFootprints.place_footprints 156:Footprint C138 on root level
12-18 11:43:21 com_github_MitjaNemec_PlaceFootprints.place_footprints 156:Footprint C25 on root level
12-18 11:43:21 com_github_MitjaNemec_PlaceFootprints.place_footprints 156:Footprint C85 on root level
12-18 11:43:21 com_github_MitjaNemec_PlaceFootprints.place_footprints 156:Footprint C163 on root level
12-18 11:43:21 com_github_MitjaNemec_PlaceFootprints.place_footprints 156:Footprint IC249 on root level
12-18 11:43:21 com_github_MitjaNemec_PlaceFootprints.place_footprints 156:Footprint C236 on root level
12-18 11:43:21 com_github_MitjaNemec_PlaceFootprints.place_footprints 156:Footprint IC92 on root level
12-18 11:43:21 com_github_MitjaNemec_PlaceFootprints.place_footprints 156:Footprint C79 on root level
12-18 11:43:21 com_github_MitjaNemec_PlaceFootprints.place_footprints 156:Footprint IC82 on root level
12-18 11:43:21 com_github_MitjaNemec_PlaceFootprints.place_footprints 156:Footprint IC184 on root level
12-18 11:43:21 com_github_MitjaNemec_PlaceFootprints.place_footprints 156:Footprint IC84 on root level
12-18 11:43:21 com_github_MitjaNemec_PlaceFootprints.place_footprints 156:Footprint IC131 on root level
12-18 11:43:21 com_github_MitjaNemec_PlaceFootprints.place_footprints 156:Footprint C272 on root level
12-18 11:43:21 com_github_MitjaNemec_PlaceFootprints.place_footprints 156:Footprint IC18 on root level
12-18 11:43:21 com_github_MitjaNemec_PlaceFootprints.place_footprints 156:Footprint IC68 on root level
12-18 11:43:21 com_github_MitjaNemec_PlaceFootprints.place_footprints 156:Footprint IC43 on root level
12-18 11:43:21 com_github_MitjaNemec_PlaceFootprints.place_footprints 156:Footprint C10 on root level
12-18 11:43:21 com_github_MitjaNemec_PlaceFootprints.place_footprints 156:Footprint C194 on root level
12-18 11:43:21 com_github_MitjaNemec_PlaceFootprints.place_footprints 156:Footprint IC266 on root level
12-18 11:43:21 com_github_MitjaNemec_PlaceFootprints.place_footprints 156:Footprint IC245 on root level
12-18 11:43:21 com_github_MitjaNemec_PlaceFootprints.place_footprints 156:Footprint C284 on root level
12-18 11:43:21 com_github_MitjaNemec_PlaceFootprints.place_footprints 156:Footprint IC224 on root level
12-18 11:43:21 com_github_MitjaNemec_PlaceFootprints.place_footprints 156:Footprint IC251 on root level
12-18 11:43:21 com_github_MitjaNemec_PlaceFootprints.place_footprints 156:Footprint IC282 on root level
12-18 11:43:21 com_github_MitjaNemec_PlaceFootprints.place_footprints 156:Footprint C155 on root level
12-18 11:43:21 com_github_MitjaNemec_PlaceFootprints.place_footprints 156:Footprint IC213 on root level
12-18 11:43:21 com_github_MitjaNemec_PlaceFootprints.place_footprints 156:Footprint IC73 on root level
12-18 11:43:21 com_github_MitjaNemec_PlaceFootprints.place_footprints 156:Footprint C212 on root level
12-18 11:43:21 com_github_MitjaNemec_PlaceFootprints.place_footprints 156:Footprint IC100 on root level
12-18 11:43:21 com_github_MitjaNemec_PlaceFootprints.place_footprints 156:Footprint IC215 on root level
12-18 11:43:21 com_github_MitjaNemec_PlaceFootprints.place_footprints 156:Footprint C151 on root level
12-18 11:43:21 com_github_MitjaNemec_PlaceFootprints.place_footprints 156:Footprint IC285 on root level
12-18 11:43:21 com_github_MitjaNemec_PlaceFootprints.place_footprints 156:Footprint IC183 on root level
12-18 11:43:21 com_github_MitjaNemec_PlaceFootprints.place_footprints 156:Footprint C3 on root level
12-18 11:43:21 com_github_MitjaNemec_PlaceFootprints.place_footprints 156:Footprint C19 on root level
12-18 11:43:21 com_github_MitjaNemec_PlaceFootprints.place_footprints 156:Footprint C39 on root level
12-18 11:43:21 com_github_MitjaNemec_PlaceFootprints.place_footprints 156:Footprint R7 on root level
12-18 11:43:21 com_github_MitjaNemec_PlaceFootprints.place_footprints 156:Footprint C252 on root level
12-18 11:43:21 com_github_MitjaNemec_PlaceFootprints.place_footprints 156:Footprint IC57 on root level
12-18 11:43:21 com_github_MitjaNemec_PlaceFootprints.place_footprints 156:Footprint C279 on root level
12-18 11:43:21 com_github_MitjaNemec_PlaceFootprints.place_footprints 156:Footprint IC128 on root level
12-18 11:43:21 com_github_MitjaNemec_PlaceFootprints.place_footprints 156:Footprint C121 on root level
12-18 11:43:21 com_github_MitjaNemec_PlaceFootprints.place_footprints 156:Footprint IC211 on root level
12-18 11:43:21 com_github_MitjaNemec_PlaceFootprints.place_footprints 156:Footprint C60 on root level
12-18 11:43:21 com_github_MitjaNemec_PlaceFootprints.place_footprints 156:Footprint IC179 on root level
12-18 11:43:21 com_github_MitjaNemec_PlaceFootprints.place_footprints 156:Footprint C193 on root level
12-18 11:43:21 com_github_MitjaNemec_PlaceFootprints.place_footprints 156:Footprint IC79 on root level
12-18 11:43:21 com_github_MitjaNemec_PlaceFootprints.place_footprints 156:Footprint IC233 on root level
12-18 11:43:21 com_github_MitjaNemec_PlaceFootprints.place_footprints 156:Footprint C143 on root level
12-18 11:43:21 com_github_MitjaNemec_PlaceFootprints.place_footprints 156:Footprint C170 on root level
12-18 11:43:21 com_github_MitjaNemec_PlaceFootprints.place_footprints 156:Footprint C150 on root level
12-18 11:43:21 com_github_MitjaNemec_PlaceFootprints.place_footprints 156:Footprint C21 on root level
12-18 11:43:21 com_github_MitjaNemec_PlaceFootprints.place_footprints 156:Footprint IC97 on root level
12-18 11:43:21 com_github_MitjaNemec_PlaceFootprints.place_footprints 156:Footprint C226 on root level
12-18 11:43:21 com_github_MitjaNemec_PlaceFootprints.place_footprints 156:Footprint IC49 on root level
12-18 11:43:21 com_github_MitjaNemec_PlaceFootprints.place_footprints 156:Footprint C175 on root level
12-18 11:43:21 com_github_MitjaNemec_PlaceFootprints.place_footprints 156:Footprint IC107 on root level
12-18 11:43:21 com_github_MitjaNemec_PlaceFootprints.place_footprints 156:Footprint C184 on root level
12-18 11:43:21 com_github_MitjaNemec_PlaceFootprints.place_footprints 156:Footprint C13 on root level
12-18 11:43:21 com_github_MitjaNemec_PlaceFootprints.place_footprints 156:Footprint IC227 on root level
12-18 11:43:21 com_github_MitjaNemec_PlaceFootprints.place_footprints 156:Footprint C257 on root level
12-18 11:43:21 com_github_MitjaNemec_PlaceFootprints.place_footprints 156:Footprint IC153 on root level
12-18 11:43:21 com_github_MitjaNemec_PlaceFootprints.place_footprints 156:Footprint C77 on root level
12-18 11:43:21 com_github_MitjaNemec_PlaceFootprints.place_footprints 156:Footprint IC182 on root level
12-18 11:43:21 com_github_MitjaNemec_PlaceFootprints.place_footprints 156:Footprint IC173 on root level
12-18 11:43:21 com_github_MitjaNemec_PlaceFootprints.place_footprints 156:Footprint C171 on root level
12-18 11:43:21 com_github_MitjaNemec_PlaceFootprints.place_footprints 156:Footprint C229 on root level
12-18 11:43:21 com_github_MitjaNemec_PlaceFootprints.place_footprints 156:Footprint IC89 on root level
12-18 11:43:21 com_github_MitjaNemec_PlaceFootprints.place_footprints 156:Footprint C206 on root level
12-18 11:43:21 com_github_MitjaNemec_PlaceFootprints.place_footprints 156:Footprint C197 on root level
12-18 11:43:21 com_github_MitjaNemec_PlaceFootprints.place_footprints 156:Footprint C255 on root level
12-18 11:43:21 com_github_MitjaNemec_PlaceFootprints.place_footprints 156:Footprint IC19 on root level
12-18 11:43:21 com_github_MitjaNemec_PlaceFootprints.place_footprints 156:Footprint C132 on root level
12-18 11:43:21 com_github_MitjaNemec_PlaceFootprints.place_footprints 156:Footprint C87 on root level
12-18 11:43:21 com_github_MitjaNemec_PlaceFootprints.place_footprints 156:Footprint C152 on root level
12-18 11:43:21 com_github_MitjaNemec_PlaceFootprints.place_footprints 156:Footprint C137 on root level
12-18 11:43:21 com_github_MitjaNemec_PlaceFootprints.place_footprints 156:Footprint IC4 on root level
12-18 11:43:21 com_github_MitjaNemec_PlaceFootprints.place_footprints 156:Footprint IC13 on root level
12-18 11:43:21 com_github_MitjaNemec_PlaceFootprints.place_footprints 156:Footprint IC163 on root level
12-18 11:43:21 com_github_MitjaNemec_PlaceFootprints.place_footprints 156:Footprint IC265 on root level
12-18 11:43:21 com_github_MitjaNemec_PlaceFootprints.place_footprints 156:Footprint IC86 on root level
12-18 11:43:21 com_github_MitjaNemec_PlaceFootprints.place_footprints 156:Footprint IC55 on root level
12-18 11:43:21 com_github_MitjaNemec_PlaceFootprints.place_footprints 156:Footprint C94 on root level
12-18 11:43:21 com_github_MitjaNemec_PlaceFootprints.place_footprints 156:Footprint C277 on root level
12-18 11:43:21 com_github_MitjaNemec_PlaceFootprints.place_footprints 156:Footprint C191 on root level
12-18 11:43:21 com_github_MitjaNemec_PlaceFootprints.place_footprints 156:Footprint C92 on root level
12-18 11:43:21 com_github_MitjaNemec_PlaceFootprints.place_footprints 156:Footprint C16 on root level
12-18 11:43:21 com_github_MitjaNemec_PlaceFootprints.place_footprints 156:Footprint C251 on root level
12-18 11:43:21 com_github_MitjaNemec_PlaceFootprints.place_footprints 156:Footprint IC242 on root level
12-18 11:43:21 com_github_MitjaNemec_PlaceFootprints.place_footprints 156:Footprint IC69 on root level
12-18 11:43:21 com_github_MitjaNemec_PlaceFootprints.place_footprints 156:Footprint IC283 on root level
12-18 11:43:21 com_github_MitjaNemec_PlaceFootprints.place_footprints 156:Footprint IC270 on root level
12-18 11:43:21 com_github_MitjaNemec_PlaceFootprints.place_footprints 156:Footprint C36 on root level
12-18 11:43:21 com_github_MitjaNemec_PlaceFootprints.place_footprints 156:Footprint IC231 on root level
12-18 11:43:21 com_github_MitjaNemec_PlaceFootprints.place_footprints 156:Footprint C241 on root level
12-18 11:43:21 com_github_MitjaNemec_PlaceFootprints.place_footprints 156:Footprint C205 on root level
12-18 11:43:21 com_github_MitjaNemec_PlaceFootprints.place_footprints 156:Footprint IC54 on root level
12-18 11:43:21 com_github_MitjaNemec_PlaceFootprints.place_footprints 156:Footprint IC99 on root level
12-18 11:43:21 com_github_MitjaNemec_PlaceFootprints.place_footprints 156:Footprint IC38 on root level
12-18 11:43:21 com_github_MitjaNemec_PlaceFootprints.place_footprints 156:Footprint C7 on root level
12-18 11:43:21 com_github_MitjaNemec_PlaceFootprints.place_footprints 156:Footprint IC164 on root level
12-18 11:43:21 com_github_MitjaNemec_PlaceFootprints.place_footprints 156:Footprint C100 on root level
12-18 11:43:21 com_github_MitjaNemec_PlaceFootprints.place_footprints 156:Footprint IC228 on root level
12-18 11:43:21 com_github_MitjaNemec_PlaceFootprints.place_footprints 156:Footprint IC94 on root level
12-18 11:43:21 com_github_MitjaNemec_PlaceFootprints.place_footprints 156:Footprint C18 on root level
12-18 11:43:21 com_github_MitjaNemec_PlaceFootprints.place_footprints 156:Footprint C164 on root level
12-18 11:43:21 com_github_MitjaNemec_PlaceFootprints.place_footprints 156:Footprint C29 on root level
12-18 11:43:21 com_github_MitjaNemec_PlaceFootprints.place_footprints 156:Footprint IC101 on root level
12-18 11:43:21 com_github_MitjaNemec_PlaceFootprints.place_footprints 156:Footprint IC241 on root level
12-18 11:43:21 com_github_MitjaNemec_PlaceFootprints.place_footprints 156:Footprint C274 on root level
12-18 11:43:21 com_github_MitjaNemec_PlaceFootprints.place_footprints 156:Footprint IC273 on root level
12-18 11:43:21 com_github_MitjaNemec_PlaceFootprints.place_footprints 156:Footprint IC104 on root level
12-18 11:43:21 com_github_MitjaNemec_PlaceFootprints.place_footprints 156:Footprint IC263 on root level
12-18 11:43:21 com_github_MitjaNemec_PlaceFootprints.place_footprints 156:Footprint IC236 on root level
12-18 11:43:21 com_github_MitjaNemec_PlaceFootprints.place_footprints 156:Footprint IC194 on root level
12-18 11:43:21 com_github_MitjaNemec_PlaceFootprints.place_footprints 156:Footprint IC220 on root level
12-18 11:43:21 com_github_MitjaNemec_PlaceFootprints.place_footprints 156:Footprint C254 on root level
12-18 11:43:21 com_github_MitjaNemec_PlaceFootprints.place_footprints 156:Footprint C127 on root level
12-18 11:43:21 com_github_MitjaNemec_PlaceFootprints.place_footprints 156:Footprint IC221 on root level
12-18 11:43:21 com_github_MitjaNemec_PlaceFootprints.place_footprints 156:Footprint IC201 on root level
12-18 11:43:21 com_github_MitjaNemec_PlaceFootprints.place_footprints 156:Footprint C153 on root level
12-18 11:43:21 com_github_MitjaNemec_PlaceFootprints.place_footprints 156:Footprint IC219 on root level
12-18 11:43:21 com_github_MitjaNemec_PlaceFootprints.place_footprints 156:Footprint C248 on root level
12-18 11:43:21 com_github_MitjaNemec_PlaceFootprints.place_footprints 156:Footprint C276 on root level
12-18 11:43:21 com_github_MitjaNemec_PlaceFootprints.place_footprints 156:Footprint C230 on root level
12-18 11:43:21 com_github_MitjaNemec_PlaceFootprints.place_footprints 156:Footprint C178 on root level
12-18 11:43:21 com_github_MitjaNemec_PlaceFootprints.place_footprints 156:Footprint C69 on root level
12-18 11:43:21 com_github_MitjaNemec_PlaceFootprints.place_footprints 156:Footprint C266 on root level
12-18 11:43:21 com_github_MitjaNemec_PlaceFootprints.place_footprints 156:Footprint C131 on root level
12-18 11:43:21 com_github_MitjaNemec_PlaceFootprints.place_footprints 156:Footprint C28 on root level
12-18 11:43:21 com_github_MitjaNemec_PlaceFootprints.place_footprints 156:Footprint IC274 on root level
12-18 11:43:21 com_github_MitjaNemec_PlaceFootprints.place_footprints 156:Footprint IC187 on root level
12-18 11:43:21 com_github_MitjaNemec_PlaceFootprints.place_footprints 156:Footprint IC214 on root level
12-18 11:43:21 com_github_MitjaNemec_PlaceFootprints.place_footprints 156:Footprint IC83 on root level
12-18 11:43:21 com_github_MitjaNemec_PlaceFootprints.place_footprints 156:Footprint IC41 on root level
12-18 11:43:21 com_github_MitjaNemec_PlaceFootprints.place_footprints 156:Footprint C136 on root level
12-18 11:43:21 com_github_MitjaNemec_PlaceFootprints.place_footprints 156:Footprint IC137 on root level
12-18 11:43:21 com_github_MitjaNemec_PlaceFootprints.place_footprints 156:Footprint C8 on root level
12-18 11:43:21 com_github_MitjaNemec_PlaceFootprints.place_footprints 156:Footprint C213 on root level
12-18 11:43:21 com_github_MitjaNemec_PlaceFootprints.place_footprints 156:Footprint C47 on root level
12-18 11:43:21 com_github_MitjaNemec_PlaceFootprints.place_footprints 156:Footprint IC148 on root level
12-18 11:43:21 com_github_MitjaNemec_PlaceFootprints.place_footprints 156:Footprint IC230 on root level
12-18 11:43:21 com_github_MitjaNemec_PlaceFootprints.place_footprints 156:Footprint C45 on root level
12-18 11:43:21 com_github_MitjaNemec_PlaceFootprints.place_footprints 156:Footprint C173 on root level
12-18 11:43:21 com_github_MitjaNemec_PlaceFootprints.place_footprints 156:Footprint C103 on root level
12-18 11:43:21 com_github_MitjaNemec_PlaceFootprints.place_footprints 156:Footprint C102 on root level
12-18 11:43:21 com_github_MitjaNemec_PlaceFootprints.place_footprints 156:Footprint IC15 on root level
12-18 11:43:21 com_github_MitjaNemec_PlaceFootprints.place_footprints 156:Footprint IC256 on root level
12-18 11:43:21 com_github_MitjaNemec_PlaceFootprints.place_footprints 156:Footprint IC169 on root level
12-18 11:43:21 com_github_MitjaNemec_PlaceFootprints.place_footprints 156:Footprint C228 on root level
12-18 11:43:21 com_github_MitjaNemec_PlaceFootprints.place_footprints 156:Footprint C211 on root level
12-18 11:43:21 com_github_MitjaNemec_PlaceFootprints.place_footprints 156:Footprint C286 on root level
12-18 11:43:21 com_github_MitjaNemec_PlaceFootprints.place_footprints 156:Footprint IC117 on root level
12-18 11:43:21 com_github_MitjaNemec_PlaceFootprints.place_footprints 156:Footprint IC135 on root level
12-18 11:43:21 com_github_MitjaNemec_PlaceFootprints.place_footprints 156:Footprint IC255 on root level
12-18 11:43:21 com_github_MitjaNemec_PlaceFootprints.place_footprints 156:Footprint IC258 on root level
12-18 11:43:21 com_github_MitjaNemec_PlaceFootprints.place_footprints 156:Footprint C27 on root level
12-18 11:43:21 com_github_MitjaNemec_PlaceFootprints.place_footprints 156:Footprint C105 on root level
12-18 11:43:21 com_github_MitjaNemec_PlaceFootprints.place_footprints 156:Footprint IC246 on root level
12-18 11:43:21 com_github_MitjaNemec_PlaceFootprints.place_footprints 156:Footprint C273 on root level
12-18 11:43:21 com_github_MitjaNemec_PlaceFootprints.place_footprints 156:Footprint IC172 on root level
12-18 11:43:21 com_github_MitjaNemec_PlaceFootprints.place_footprints 156:Footprint IC90 on root level
12-18 11:43:21 com_github_MitjaNemec_PlaceFootprints.place_footprints 156:Footprint C196 on root level
12-18 11:43:21 com_github_MitjaNemec_PlaceFootprints.place_footprints 156:Footprint IC159 on root level
12-18 11:43:21 com_github_MitjaNemec_PlaceFootprints.place_footprints 156:Footprint IC177 on root level
12-18 11:43:21 com_github_MitjaNemec_PlaceFootprints.place_footprints 156:Footprint IC60 on root level
12-18 11:43:21 com_github_MitjaNemec_PlaceFootprints.place_footprints 156:Footprint IC67 on root level
12-18 11:43:21 com_github_MitjaNemec_PlaceFootprints.place_footprints 156:Footprint C224 on root level
12-18 11:43:21 com_github_MitjaNemec_PlaceFootprints.place_footprints 156:Footprint C73 on root level
12-18 11:43:21 com_github_MitjaNemec_PlaceFootprints.place_footprints 156:Footprint IC257 on root level
12-18 11:43:21 com_github_MitjaNemec_PlaceFootprints.place_footprints 156:Footprint IC27 on root level
12-18 11:43:21 com_github_MitjaNemec_PlaceFootprints.place_footprints 156:Footprint IC144 on root level
12-18 11:43:21 com_github_MitjaNemec_PlaceFootprints.place_footprints 156:Footprint C149 on root level
12-18 11:43:21 com_github_MitjaNemec_PlaceFootprints.place_footprints 156:Footprint C61 on root level
12-18 11:43:21 com_github_MitjaNemec_PlaceFootprints.place_footprints 156:Footprint C158 on root level
12-18 11:43:21 com_github_MitjaNemec_PlaceFootprints.place_footprints 156:Footprint IC232 on root level
12-18 11:43:21 com_github_MitjaNemec_PlaceFootprints.place_footprints 156:Footprint IC223 on root level
12-18 11:43:21 com_github_MitjaNemec_PlaceFootprints.place_footprints 156:Footprint C80 on root level
12-18 11:43:21 com_github_MitjaNemec_PlaceFootprints.place_footprints 156:Footprint C46 on root level
12-18 11:43:21 com_github_MitjaNemec_PlaceFootprints.place_footprints 156:Footprint IC11 on root level
12-18 11:43:21 com_github_MitjaNemec_PlaceFootprints.place_footprints 156:Footprint C75 on root level
12-18 11:43:21 com_github_MitjaNemec_PlaceFootprints.place_footprints 156:Footprint IC61 on root level
12-18 11:43:21 com_github_MitjaNemec_PlaceFootprints.place_footprints 156:Footprint IC151 on root level
12-18 11:43:21 com_github_MitjaNemec_PlaceFootprints.place_footprints 156:Footprint C141 on root level
12-18 11:43:21 com_github_MitjaNemec_PlaceFootprints.place_footprints 156:Footprint IC142 on root level
12-18 11:43:21 com_github_MitjaNemec_PlaceFootprints.place_footprints 156:Footprint IC199 on root level
12-18 11:43:21 com_github_MitjaNemec_PlaceFootprints.place_footprints 156:Footprint C97 on root level
12-18 11:43:21 com_github_MitjaNemec_PlaceFootprints.place_footprints 156:Footprint IC134 on root level
12-18 11:43:21 com_github_MitjaNemec_PlaceFootprints.place_footprints 156:Footprint C104 on root level
12-18 11:43:21 com_github_MitjaNemec_PlaceFootprints.place_footprints 156:Footprint IC115 on root level
12-18 11:43:21 com_github_MitjaNemec_PlaceFootprints.place_footprints 156:Footprint C22 on root level
12-18 11:43:21 com_github_MitjaNemec_PlaceFootprints.place_footprints 156:Footprint IC91 on root level
12-18 11:43:21 com_github_MitjaNemec_PlaceFootprints.place_footprints 156:Footprint C123 on root level
12-18 11:43:21 com_github_MitjaNemec_PlaceFootprints.place_footprints 156:Footprint IC102 on root level
12-18 11:43:21 com_github_MitjaNemec_PlaceFootprints.place_footprints 156:Footprint C244 on root level
12-18 11:43:21 com_github_MitjaNemec_PlaceFootprints.place_footprints 156:Footprint C250 on root level
12-18 11:43:21 com_github_MitjaNemec_PlaceFootprints.place_footprints 156:Footprint IC98 on root level
12-18 11:43:21 com_github_MitjaNemec_PlaceFootprints.place_footprints 156:Footprint C177 on root level
12-18 11:43:21 com_github_MitjaNemec_PlaceFootprints.place_footprints 156:Footprint C9 on root level
12-18 11:43:21 com_github_MitjaNemec_PlaceFootprints.place_footprints 156:Footprint IC150 on root level
12-18 11:43:21 com_github_MitjaNemec_PlaceFootprints.place_footprints 156:Footprint C265 on root level
12-18 11:43:21 com_github_MitjaNemec_PlaceFootprints.place_footprints 156:Footprint IC239 on root level
12-18 11:43:21 com_github_MitjaNemec_PlaceFootprints.place_footprints 156:Footprint C62 on root level
12-18 11:43:21 com_github_MitjaNemec_PlaceFootprints.place_footprints 156:Footprint C65 on root level
12-18 11:43:21 com_github_MitjaNemec_PlaceFootprints.place_footprints 156:Footprint C120 on root level
12-18 11:43:21 com_github_MitjaNemec_PlaceFootprints.place_footprints 156:Footprint IC23 on root level
12-18 11:43:21 com_github_MitjaNemec_PlaceFootprints.place_footprints 156:Footprint IC235 on root level
12-18 11:43:21 com_github_MitjaNemec_PlaceFootprints.place_footprints 156:Footprint C203 on root level
12-18 11:43:21 com_github_MitjaNemec_PlaceFootprints.place_footprints 156:Footprint IC46 on root level
12-18 11:43:21 com_github_MitjaNemec_PlaceFootprints.place_footprints 156:Footprint C189 on root level
12-18 11:43:21 com_github_MitjaNemec_PlaceFootprints.place_footprints 156:Footprint C186 on root level
12-18 11:43:21 com_github_MitjaNemec_PlaceFootprints.place_footprints 156:Footprint C70 on root level
12-18 11:43:21 com_github_MitjaNemec_PlaceFootprints.place_footprints 156:Footprint C67 on root level
12-18 11:43:21 com_github_MitjaNemec_PlaceFootprints.place_footprints 156:Footprint IC109 on root level
12-18 11:43:21 com_github_MitjaNemec_PlaceFootprints.place_footprints 156:Footprint IC156 on root level
12-18 11:43:21 com_github_MitjaNemec_PlaceFootprints.place_footprints 156:Footprint IC7 on root level
12-18 11:43:21 com_github_MitjaNemec_PlaceFootprints.place_footprints 156:Footprint IC32 on root level
12-18 11:43:21 com_github_MitjaNemec_PlaceFootprints.place_footprints 156:Footprint IC17 on root level
12-18 11:43:21 com_github_MitjaNemec_PlaceFootprints.place_footprints 156:Footprint IC2 on root level
12-18 11:43:21 com_github_MitjaNemec_PlaceFootprints.place_footprints 156:Footprint C190 on root level
12-18 11:43:21 com_github_MitjaNemec_PlaceFootprints.place_footprints 156:Footprint IC197 on root level
12-18 11:43:21 com_github_MitjaNemec_PlaceFootprints.place_footprints 156:Footprint C247 on root level
12-18 11:43:21 com_github_MitjaNemec_PlaceFootprints.place_footprints 156:Footprint IC254 on root level
12-18 11:43:21 com_github_MitjaNemec_PlaceFootprints.place_footprints 156:Footprint IC76 on root level
12-18 11:43:21 com_github_MitjaNemec_PlaceFootprints.place_footprints 156:Footprint IC155 on root level
12-18 11:43:21 com_github_MitjaNemec_PlaceFootprints.place_footprints 156:Footprint IC248 on root level
12-18 11:43:21 com_github_MitjaNemec_PlaceFootprints.place_footprints 156:Footprint C209 on root level
12-18 11:43:21 com_github_MitjaNemec_PlaceFootprints.place_footprints 156:Footprint IC40 on root level
12-18 11:43:21 com_github_MitjaNemec_PlaceFootprints.place_footprints 156:Footprint IC77 on root level
12-18 11:43:21 com_github_MitjaNemec_PlaceFootprints.place_footprints 156:Footprint IC130 on root level
12-18 11:43:21 com_github_MitjaNemec_PlaceFootprints.place_footprints 156:Footprint C282 on root level
12-18 11:43:21 com_github_MitjaNemec_PlaceFootprints.place_footprints 156:Footprint IC200 on root level
12-18 11:43:21 com_github_MitjaNemec_PlaceFootprints.place_footprints 156:Footprint IC139 on root level
12-18 11:43:21 com_github_MitjaNemec_PlaceFootprints.place_footprints 156:Footprint C278 on root level
12-18 11:43:21 com_github_MitjaNemec_PlaceFootprints.place_footprints 156:Footprint IC247 on root level
12-18 11:43:21 com_github_MitjaNemec_PlaceFootprints.place_footprints 156:Footprint C172 on root level
12-18 11:43:21 com_github_MitjaNemec_PlaceFootprints.place_footprints 156:Footprint IC10 on root level
12-18 11:43:21 com_github_MitjaNemec_PlaceFootprints.place_footprints 156:Footprint C30 on root level
12-18 11:43:21 com_github_MitjaNemec_PlaceFootprints.place_footprints 156:Footprint C182 on root level
12-18 11:43:21 com_github_MitjaNemec_PlaceFootprints.place_footprints 156:Footprint IC268 on root level
12-18 11:43:21 com_github_MitjaNemec_PlaceFootprints.place_footprints 156:Footprint IC81 on root level
12-18 11:43:21 com_github_MitjaNemec_PlaceFootprints.place_footprints 156:Footprint C154 on root level
12-18 11:43:21 com_github_MitjaNemec_PlaceFootprints.place_footprints 156:Footprint C71 on root level
12-18 11:43:21 com_github_MitjaNemec_PlaceFootprints.place_footprints 156:Footprint R3 on root level
12-18 11:43:21 com_github_MitjaNemec_PlaceFootprints.place_footprints 156:Footprint IC108 on root level
12-18 11:43:21 com_github_MitjaNemec_PlaceFootprints.place_footprints 156:Footprint IC118 on root level
12-18 11:43:21 com_github_MitjaNemec_PlaceFootprints.place_footprints 156:Footprint C51 on root level
12-18 11:43:21 com_github_MitjaNemec_PlaceFootprints.place_footprints 156:Footprint C68 on root level
12-18 11:43:21 com_github_MitjaNemec_PlaceFootprints.place_footprints 156:Footprint C134 on root level
12-18 11:43:21 com_github_MitjaNemec_PlaceFootprints.place_footprints 156:Footprint C20 on root level
12-18 11:43:21 com_github_MitjaNemec_PlaceFootprints.place_footprints 156:Footprint C48 on root level
12-18 11:43:21 com_github_MitjaNemec_PlaceFootprints.place_footprints 156:Footprint C112 on root level
12-18 11:43:21 com_github_MitjaNemec_PlaceFootprints.place_footprints 156:Footprint IC31 on root level
12-18 11:43:21 com_github_MitjaNemec_PlaceFootprints.place_footprints 156:Footprint C218 on root level
12-18 11:43:21 com_github_MitjaNemec_PlaceFootprints.place_footprints 156:Footprint IC272 on root level
12-18 11:43:21 com_github_MitjaNemec_PlaceFootprints.place_footprints 156:Footprint IC196 on root level
12-18 11:43:21 com_github_MitjaNemec_PlaceFootprints.place_footprints 156:Footprint IC162 on root level
12-18 11:43:21 com_github_MitjaNemec_PlaceFootprints.place_footprints 156:Footprint IC237 on root level
12-18 11:43:21 com_github_MitjaNemec_PlaceFootprints.place_footprints 156:Footprint C37 on root level
12-18 11:43:21 com_github_MitjaNemec_PlaceFootprints.place_footprints 156:Footprint C262 on root level
12-18 11:43:21 com_github_MitjaNemec_PlaceFootprints.place_footprints 156:Footprint IC21 on root level
12-18 11:43:21 com_github_MitjaNemec_PlaceFootprints.place_footprints 156:Footprint C199 on root level
12-18 11:43:21 com_github_MitjaNemec_PlaceFootprints.place_footprints 156:Footprint C101 on root level
12-18 11:43:21 com_github_MitjaNemec_PlaceFootprints.place_footprints 156:Footprint C66 on root level
12-18 11:43:21 com_github_MitjaNemec_PlaceFootprints.place_footprints 156:Footprint R1 on root level
12-18 11:43:21 com_github_MitjaNemec_PlaceFootprints.place_footprints 156:Footprint C83 on root level
12-18 11:43:21 com_github_MitjaNemec_PlaceFootprints.place_footprints 156:Footprint IC203 on root level
12-18 11:43:21 com_github_MitjaNemec_PlaceFootprints.place_footprints 156:Footprint IC116 on root level
12-18 11:43:21 com_github_MitjaNemec_PlaceFootprints.place_footprints 156:Footprint IC113 on root level
12-18 11:43:21 com_github_MitjaNemec_PlaceFootprints.place_footprints 156:Footprint IC20 on root level
12-18 11:43:21 com_github_MitjaNemec_PlaceFootprints.place_footprints 156:Footprint IC284 on root level
12-18 11:43:21 com_github_MitjaNemec_PlaceFootprints.place_footprints 156:Footprint C2 on root level
12-18 11:43:21 com_github_MitjaNemec_PlaceFootprints.place_footprints 156:Footprint R6 on root level
12-18 11:43:21 com_github_MitjaNemec_PlaceFootprints.place_footprints 156:Footprint IC178 on root level
12-18 11:43:21 com_github_MitjaNemec_PlaceFootprints.place_footprints 156:Footprint IC217 on root level
12-18 11:43:21 com_github_MitjaNemec_PlaceFootprints.place_footprints 156:Footprint IC74 on root level
12-18 11:43:21 com_github_MitjaNemec_PlaceFootprints.place_footprints 156:Footprint IC125 on root level
12-18 11:43:21 com_github_MitjaNemec_PlaceFootprints.place_footprints 156:Footprint C246 on root level
12-18 11:43:21 com_github_MitjaNemec_PlaceFootprints.place_footprints 156:Footprint IC207 on root level
12-18 11:43:21 com_github_MitjaNemec_PlaceFootprints.place_footprints 156:Footprint IC145 on root level
12-18 11:43:21 com_github_MitjaNemec_PlaceFootprints.place_footprints 156:Footprint IC234 on root level
12-18 11:43:21 com_github_MitjaNemec_PlaceFootprints.place_footprints 156:Footprint IC127 on root level
12-18 11:43:21 com_github_MitjaNemec_PlaceFootprints.place_footprints 156:Footprint IC152 on root level
12-18 11:43:21 com_github_MitjaNemec_PlaceFootprints.place_footprints 156:Footprint C72 on root level
12-18 11:43:21 com_github_MitjaNemec_PlaceFootprints.place_footprints 156:Footprint IC96 on root level
12-18 11:43:21 com_github_MitjaNemec_PlaceFootprints.place_footprints 156:Footprint IC149 on root level
12-18 11:43:21 com_github_MitjaNemec_PlaceFootprints.place_footprints 156:Footprint IC22 on root level
12-18 11:43:21 com_github_MitjaNemec_PlaceFootprints.place_footprints 156:Footprint C285 on root level
12-18 11:43:21 com_github_MitjaNemec_PlaceFootprints.place_footprints 156:Footprint C253 on root level
12-18 11:43:21 com_github_MitjaNemec_PlaceFootprints.place_footprints 156:Footprint C268 on root level
12-18 11:43:21 com_github_MitjaNemec_PlaceFootprints.place_footprints 156:Footprint IC209 on root level
12-18 11:43:21 com_github_MitjaNemec_PlaceFootprints.place_footprints 156:Footprint C198 on root level
12-18 11:43:21 com_github_MitjaNemec_PlaceFootprints.place_footprints 156:Footprint C204 on root level
12-18 11:43:21 com_github_MitjaNemec_PlaceFootprints.place_footprints 156:Footprint IC176 on root level
12-18 11:43:21 com_github_MitjaNemec_PlaceFootprints.place_footprints 156:Footprint IC80 on root level
12-18 11:43:21 com_github_MitjaNemec_PlaceFootprints.place_footprints 156:Footprint IC126 on root level
12-18 11:43:21 com_github_MitjaNemec_PlaceFootprints.place_footprints 156:Footprint C76 on root level
12-18 11:43:21 com_github_MitjaNemec_PlaceFootprints.place_footprints 156:Footprint IC44 on root level
12-18 11:43:21 com_github_MitjaNemec_PlaceFootprints.place_footprints 156:Footprint C231 on root level
12-18 11:43:21 com_github_MitjaNemec_PlaceFootprints.place_footprints 156:Footprint IC276 on root level
12-18 11:43:21 com_github_MitjaNemec_PlaceFootprints.place_footprints 156:Footprint C140 on root level
12-18 11:43:21 com_github_MitjaNemec_PlaceFootprints.place_footprints 156:Footprint C174 on root level
12-18 11:43:21 com_github_MitjaNemec_PlaceFootprints.place_footprints 156:Footprint IC120 on root level
12-18 11:43:21 com_github_MitjaNemec_PlaceFootprints.place_footprints 156:Footprint IC78 on root level
12-18 11:43:21 com_github_MitjaNemec_PlaceFootprints.place_footprints 156:Footprint C162 on root level
12-18 11:43:21 com_github_MitjaNemec_PlaceFootprints.place_footprints 156:Footprint IC216 on root level
12-18 11:43:21 com_github_MitjaNemec_PlaceFootprints.place_footprints 156:Footprint IC75 on root level
12-18 11:43:21 com_github_MitjaNemec_PlaceFootprints.place_footprints 156:Footprint IC208 on root level
12-18 11:43:21 com_github_MitjaNemec_PlaceFootprints.place_footprints 156:Footprint C142 on root level
12-18 11:43:21 com_github_MitjaNemec_PlaceFootprints.place_footprints 156:Footprint C93 on root level
12-18 11:43:21 com_github_MitjaNemec_PlaceFootprints.place_footprints 156:Footprint IC261 on root level
12-18 11:43:21 com_github_MitjaNemec_PlaceFootprints.place_footprints 156:Footprint IC210 on root level
12-18 11:43:21 com_github_MitjaNemec_PlaceFootprints.place_footprints 156:Footprint C243 on root level
12-18 11:43:21 com_github_MitjaNemec_PlaceFootprints.place_footprints 156:Footprint IC110 on root level
12-18 11:43:21 com_github_MitjaNemec_PlaceFootprints.place_footprints 156:Footprint IC28 on root level
12-18 11:43:21 com_github_MitjaNemec_PlaceFootprints.place_footprints 156:Footprint C11 on root level
12-18 11:43:21 com_github_MitjaNemec_PlaceFootprints.place_footprints 156:Footprint IC147 on root level
12-18 11:43:21 com_github_MitjaNemec_PlaceFootprints.place_footprints 156:Footprint IC12 on root level
12-18 11:43:21 com_github_MitjaNemec_PlaceFootprints.place_footprints 156:Footprint IC280 on root level
12-18 11:43:21 com_github_MitjaNemec_PlaceFootprints.place_footprints 156:Footprint C160 on root level
12-18 11:43:21 com_github_MitjaNemec_PlaceFootprints.place_footprints 156:Footprint R2 on root level
12-18 11:43:21 com_github_MitjaNemec_PlaceFootprints.place_footprints 156:Footprint IC157 on root level
12-18 11:43:21 com_github_MitjaNemec_PlaceFootprints.place_footprints 156:Footprint IC53 on root level
12-18 11:43:21 com_github_MitjaNemec_PlaceFootprints.place_footprints 156:Footprint IC181 on root level
12-18 11:43:21 com_github_MitjaNemec_PlaceFootprints.place_footprints 156:Footprint C259 on root level
12-18 11:43:21 com_github_MitjaNemec_PlaceFootprints.place_footprints 156:Footprint C249 on root level
12-18 11:43:21 com_github_MitjaNemec_PlaceFootprints.place_footprints 156:Footprint IC65 on root level
12-18 11:43:21 com_github_MitjaNemec_PlaceFootprints.place_footprints 156:Footprint C261 on root level
12-18 11:43:21 com_github_MitjaNemec_PlaceFootprints.place_footprints 156:Footprint C234 on root level
12-18 11:43:21 com_github_MitjaNemec_PlaceFootprints.place_footprints 156:Footprint C145 on root level
12-18 11:43:21 com_github_MitjaNemec_PlaceFootprints.place_footprints 156:Footprint IC119 on root level
12-18 11:43:21 com_github_MitjaNemec_PlaceFootprints.place_footprints 156:Footprint C35 on root level
12-18 11:43:21 com_github_MitjaNemec_PlaceFootprints.place_footprints 156:Footprint C52 on root level
12-18 11:43:21 com_github_MitjaNemec_PlaceFootprints.place_footprints 156:Footprint C208 on root level
12-18 11:43:21 com_github_MitjaNemec_PlaceFootprints.place_footprints 156:Footprint IC244 on root level
12-18 11:43:21 com_github_MitjaNemec_PlaceFootprints.place_footprints 156:Footprint IC240 on root level
12-18 11:43:21 com_github_MitjaNemec_PlaceFootprints.place_footprints 156:Footprint C185 on root level
12-18 11:43:21 com_github_MitjaNemec_PlaceFootprints.place_footprints 156:Footprint C156 on root level
12-18 11:43:21 com_github_MitjaNemec_PlaceFootprints.place_footprints 156:Footprint IC260 on root level
12-18 11:43:21 com_github_MitjaNemec_PlaceFootprints.place_footprints 156:Footprint C58 on root level
12-18 11:43:21 com_github_MitjaNemec_PlaceFootprints.place_footprints 156:Footprint C42 on root level
12-18 11:43:21 com_github_MitjaNemec_PlaceFootprints.place_footprints 156:Footprint IC140 on root level
12-18 11:43:21 com_github_MitjaNemec_PlaceFootprints.place_footprints 156:Footprint C34 on root level
12-18 11:43:21 com_github_MitjaNemec_PlaceFootprints.place_footprints 156:Footprint IC114 on root level
12-18 11:43:21 com_github_MitjaNemec_PlaceFootprints.place_footprints 156:Footprint U286 on root level
12-18 11:43:21 com_github_MitjaNemec_PlaceFootprints.place_footprints 156:Footprint IC267 on root level
12-18 11:43:21 com_github_MitjaNemec_PlaceFootprints.place_footprints 156:Footprint IC34 on root level
12-18 11:43:21 com_github_MitjaNemec_PlaceFootprints.place_footprints 156:Footprint C281 on root level
12-18 11:43:21 com_github_MitjaNemec_PlaceFootprints.place_footprints 156:Footprint C64 on root level
12-18 11:43:21 com_github_MitjaNemec_PlaceFootprints.place_footprints 156:Footprint C167 on root level
12-18 11:43:21 com_github_MitjaNemec_PlaceFootprints.place_footprints 156:Footprint IC16 on root level
12-18 11:43:21 com_github_MitjaNemec_PlaceFootprints.place_footprints 156:Footprint C26 on root level
12-18 11:43:21 com_github_MitjaNemec_PlaceFootprints.place_footprints 156:Footprint IC252 on root level
12-18 11:43:21 com_github_MitjaNemec_PlaceFootprints.place_footprints 156:Footprint IC47 on root level
12-18 11:43:21 com_github_MitjaNemec_PlaceFootprints.place_footprints 156:Footprint C122 on root level
12-18 11:43:21 com_github_MitjaNemec_PlaceFootprints.place_footprints 156:Footprint IC8 on root level
12-18 11:43:21 com_github_MitjaNemec_PlaceFootprints.place_footprints 156:Footprint IC70 on root level
12-18 11:43:21 com_github_MitjaNemec_PlaceFootprints.place_footprints 156:Footprint IC52 on root level
12-18 11:43:21 com_github_MitjaNemec_PlaceFootprints.place_footprints 156:Footprint IC271 on root level
12-18 11:43:21 com_github_MitjaNemec_PlaceFootprints.place_footprints 156:Footprint IC58 on root level
12-18 11:43:21 com_github_MitjaNemec_PlaceFootprints.place_footprints 156:Footprint IC222 on root level
12-18 11:43:21 com_github_MitjaNemec_PlaceFootprints.place_footprints 156:Footprint C31 on root level
12-18 11:43:21 com_github_MitjaNemec_PlaceFootprints.place_footprints 156:Footprint IC24 on root level
12-18 11:43:21 com_github_MitjaNemec_PlaceFootprints.place_footprints 156:Footprint IC6 on root level
12-18 11:43:21 com_github_MitjaNemec_PlaceFootprints.place_footprints 156:Footprint IC63 on root level
12-18 11:43:21 com_github_MitjaNemec_PlaceFootprints.place_footprints 156:Footprint R5 on root level
12-18 11:43:21 com_github_MitjaNemec_PlaceFootprints.place_footprints 156:Footprint C86 on root level
12-18 11:43:21 com_github_MitjaNemec_PlaceFootprints.place_footprints 156:Footprint IC39 on root level
12-18 11:43:21 com_github_MitjaNemec_PlaceFootprints.place_footprints 156:Footprint C239 on root level
12-18 11:43:21 com_github_MitjaNemec_PlaceFootprints.place_footprints 156:Footprint C181 on root level
12-18 11:43:21 com_github_MitjaNemec_PlaceFootprints.place_footprints 156:Footprint IC186 on root level
12-18 11:43:21 com_github_MitjaNemec_PlaceFootprints.place_footprints 156:Footprint C109 on root level
12-18 11:43:21 com_github_MitjaNemec_PlaceFootprints.place_footprints 156:Footprint IC138 on root level
12-18 11:43:21 com_github_MitjaNemec_PlaceFootprints.place_footprints 156:Footprint C202 on root level
12-18 11:43:21 com_github_MitjaNemec_PlaceFootprints.place_footprints 156:Footprint C283 on root level
12-18 11:43:21 com_github_MitjaNemec_PlaceFootprints.place_footprints 156:Footprint C238 on root level
12-18 11:43:21 com_github_MitjaNemec_PlaceFootprints.place_footprints 156:Footprint C108 on root level
12-18 11:43:21 com_github_MitjaNemec_PlaceFootprints.place_footprints 156:Footprint IC26 on root level
12-18 11:43:21 com_github_MitjaNemec_PlaceFootprints.place_footprints 156:Footprint IC168 on root level
12-18 11:43:21 com_github_MitjaNemec_PlaceFootprints.place_footprints 156:Footprint IC278 on root level
12-18 11:43:21 com_github_MitjaNemec_PlaceFootprints.place_footprints 156:Footprint C245 on root level
12-18 11:43:21 com_github_MitjaNemec_PlaceFootprints.place_footprints 156:Footprint IC36 on root level
12-18 11:43:21 com_github_MitjaNemec_PlaceFootprints.place_footprints 156:Footprint C119 on root level
12-18 11:43:21 com_github_MitjaNemec_PlaceFootprints.place_footprints 156:Footprint C233 on root level
12-18 11:43:21 com_github_MitjaNemec_PlaceFootprints.place_footprints 156:Footprint J1 on root level
12-18 11:43:21 com_github_MitjaNemec_PlaceFootprints.place_footprints 140:Footprint REF** does not have Sheetfile property, it will not be considered for placement. Most likely it is only in layout
12-18 11:43:21 com_github_MitjaNemec_PlaceFootprints.place_footprints 140:Footprint REF** does not have Sheetfile property, it will not be considered for placement. Most likely it is only in layout
12-18 11:43:21 com_github_MitjaNemec_PlaceFootprints.place_footprints 140:Footprint G*** does not have Sheetfile property, it will not be considered for placement. Most likely it is only in layout
12-18 11:43:23 com_github_MitjaNemec_PlaceFootprints.action_place_footprints 824:Reference designator is: U
12-18 11:43:23 com_github_MitjaNemec_PlaceFootprints.action_place_footprints 825:Reference number is: 151
12-18 11:43:23 com_github_MitjaNemec_PlaceFootprints.action_place_footprints 857:Sorted and filtered list:
['U1', 'U2', 'U3', 'U4', 'U5', 'U6', 'U7', 'U8', 'U9', 'U10', 'U11', 'U12', 'U13', 'U14', 'U15', 'U16', 'U17', 'U18', 'U19', 'U20', 'U21', 'U22', 'U23', 'U24', 'U25', 'U26', 'U27', 'U28', 'U29', 'U30', 'U31', 'U32', 'U33', 'U34', 'U35', 'U36', 'U37', 'U38', 'U39', 'U40', 'U41', 'U42', 'U43', 'U44', 'U45', 'U46', 'U47', 'U48', 'U49', 'U50', 'U51', 'U52', 'U53', 'U54', 'U55', 'U56', 'U57', 'U58', 'U59', 'U60', 'U61', 'U62', 'U63', 'U64', 'U65', 'U66', 'U67', 'U68', 'U69', 'U70', 'U71', 'U72', 'U73', 'U74', 'U75', 'U76', 'U77', 'U78', 'U79', 'U80', 'U81', 'U82', 'U83', 'U84', 'U85', 'U86', 'U87', 'U88', 'U89', 'U90', 'U91', 'U92', 'U93', 'U94', 'U95', 'U96', 'U97', 'U98', 'U99', 'U100', 'U101', 'U102', 'U103', 'U104', 'U105', 'U106', 'U107', 'U108', 'U109', 'U110', 'U111', 'U112', 'U113', 'U114', 'U115', 'U116', 'U117', 'U118', 'U119', 'U120', 'U121', 'U122', 'U123', 'U124', 'U125', 'U126', 'U127', 'U128', 'U129', 'U130', 'U131', 'U132', 'U133', 'U134', 'U135', 'U136', 'U137', 'U138', 'U139', 'U140', 'U141', 'U142', 'U143', 'U144', 'U145', 'U146', 'U147', 'U148', 'U149', 'U150', 'U151', 'U152', 'U153', 'U154', 'U155', 'U156', 'U157', 'U158', 'U159', 'U160', 'U161', 'U162', 'U163', 'U164', 'U165', 'U166', 'U167', 'U168', 'U169', 'U170', 'U171', 'U172', 'U173', 'U174', 'U175', 'U176', 'U177', 'U178', 'U179', 'U180', 'U181', 'U182', 'U183', 'U184', 'U185', 'U186', 'U187', 'U188', 'U189', 'U190', 'U191', 'U192', 'U193', 'U194', 'U195', 'U196', 'U197', 'U198', 'U199', 'U200', 'U201', 'U202', 'U203', 'U204', 'U205', 'U206', 'U207', 'U208', 'U209', 'U210', 'U211', 'U212', 'U213', 'U214', 'U215', 'U216', 'U217', 'U218', 'U219', 'U220', 'U221', 'U222', 'U223', 'U224', 'U225', 'U226', 'U227', 'U228', 'U229', 'U230', 'U231', 'U232', 'U233', 'U234', 'U235', 'U236', 'U237', 'U238', 'U239', 'U240', 'U241', 'U242', 'U243', 'U244', 'U245', 'U246', 'U247', 'U248', 'U249', 'U250', 'U251', 'U252', 'U253', 'U254', 'U255', 'U256', 'U257', 'U258', 'U259', 'U260', 'U261', 'U262', 'U263', 'U264', 'U265', 'U266', 'U267', 'U268', 'U269', 'U270', 'U271', 'U272', 'U273', 'U274', 'U275', 'U276', 'U277', 'U278', 'U279', 'U280', 'U281', 'U282', 'U283', 'U284', 'U285', 'U286']
12-18 11:43:23 com_github_MitjaNemec_PlaceFootprints.action_place_footprints 358:wx.Colour(240, 240, 240, 255)
12-18 11:43:54 com_github_MitjaNemec_PlaceFootprints.action_place_footprints 489:'3.9'
12-18 11:43:54 com_github_MitjaNemec_PlaceFootprints.action_place_footprints 895:Footprints to place:
['U151', 'U152', 'U153', 'U154', 'U155', 'U156', 'U157', 'U158', 'U159', 'U160', 'U161', 'U162', 'U163', 'U164', 'U165', 'U166', 'U167', 'U168', 'U169', 'U170', 'U171', 'U172', 'U173', 'U174', 'U175', 'U176', 'U177', 'U178', 'U179', 'U180', 'U181', 'U182', 'U183', 'U184', 'U185', 'U186', 'U187', 'U188', 'U189', 'U190', 'U191', 'U192', 'U193', 'U194', 'U195', 'U196', 'U197', 'U198', 'U199', 'U200', 'U201', 'U202', 'U203', 'U204', 'U205', 'U206', 'U207', 'U208', 'U209', 'U210', 'U211', 'U212', 'U213', 'U214', 'U215', 'U216', 'U217', 'U218', 'U219', 'U220', 'U221', 'U222', 'U223', 'U224', 'U225', 'U226', 'U227', 'U228', 'U229', 'U230', 'U231', 'U232', 'U233', 'U234', 'U235', 'U236', 'U237', 'U238', 'U239', 'U240', 'U241', 'U242', 'U243', 'U244', 'U245', 'U246', 'U247', 'U248', 'U249', 'U250', 'U251', 'U252', 'U253', 'U254', 'U255', 'U256', 'U257', 'U258', 'U259', 'U260', 'U261', 'U262', 'U263', 'U264', 'U265', 'U266', 'U267', 'U268', 'U269', 'U270', 'U271', 'U272', 'U273', 'U274', 'U275', 'U276', 'U277', 'U278', 'U279', 'U280', 'U281', 'U282', 'U283', 'U284', 'U285']
12-18 11:43:54 com_github_MitjaNemec_PlaceFootprints.place_footprints 398:Starting placing with matrix layout
12-18 11:43:54 com_github_MitjaNemec_PlaceFootprints.action_place_footprints 965:Placing complete
